[1.149s] Invoking command in '/home/optimus/robot_ws/build/m_pubsub': PYTHONPATH=/home/optimus/robot_ws/build/m_pubsub/prefix_override:/home/optimus/robot_ws/install/m_pubsub/lib/python3.8/site-packages:${PYTHONPATH} /usr/bin/python3 setup.py develop --editable --build-directory /home/optimus/robot_ws/build/m_pubsub/build --no-deps install_data
[1.684s] running develop
[1.956s] running egg_info
[1.956s] writing m_pubsub.egg-info/PKG-INFO
[1.956s] writing dependency_links to m_pubsub.egg-info/dependency_links.txt
[1.957s] writing entry points to m_pubsub.egg-info/entry_points.txt
[1.957s] writing requirements to m_pubsub.egg-info/requires.txt
[1.962s] writing top-level names to m_pubsub.egg-info/top_level.txt
[2.051s] reading manifest file 'm_pubsub.egg-info/SOURCES.txt'
[2.053s] writing manifest file 'm_pubsub.egg-info/SOURCES.txt'
[2.113s] running build_ext
[2.128s] Creating /home/optimus/robot_ws/install/m_pubsub/lib/python3.8/site-packages/m-pubsub.egg-link (link to .)
[2.130s] Installing met script to /home/optimus/robot_ws/install/m_pubsub/lib/m_pubsub
[2.134s] Installing metp script to /home/optimus/robot_ws/install/m_pubsub/lib/m_pubsub
[2.134s] Installing mp script to /home/optimus/robot_ws/install/m_pubsub/lib/m_pubsub
[2.135s] Installing ms script to /home/optimus/robot_ws/install/m_pubsub/lib/m_pubsub
[2.143s] Installing mt script to /home/optimus/robot_ws/install/m_pubsub/lib/m_pubsub
[2.144s] 
[2.144s] Installed /home/optimus/robot_ws/build/m_pubsub
[2.144s] running install_data
[2.179s] Invoked command in '/home/optimus/robot_ws/build/m_pubsub' returned '0': PYTHONPATH=/home/optimus/robot_ws/build/m_pubsub/prefix_override:/home/optimus/robot_ws/install/m_pubsub/lib/python3.8/site-packages:${PYTHONPATH} /usr/bin/python3 setup.py develop --editable --build-directory /home/optimus/robot_ws/build/m_pubsub/build --no-deps install_data
