[1.064s] Invoking command in '/home/optimus/robot_ws/build/m_pubsub': PYTHONPATH=/home/optimus/robot_ws/build/m_pubsub/prefix_override:/home/optimus/robot_ws/install/m_pubsub/lib/python3.8/site-packages:${PYTHONPATH} /usr/bin/python3 setup.py develop --editable --build-directory /home/optimus/robot_ws/build/m_pubsub/build --no-deps install_data
[1.370s] running develop
[1.564s] running egg_info
[1.564s] writing m_pubsub.egg-info/PKG-INFO
[1.564s] writing dependency_links to m_pubsub.egg-info/dependency_links.txt
[1.565s] writing entry points to m_pubsub.egg-info/entry_points.txt
[1.565s] writing requirements to m_pubsub.egg-info/requires.txt
[1.565s] writing top-level names to m_pubsub.egg-info/top_level.txt
[1.604s] reading manifest file 'm_pubsub.egg-info/SOURCES.txt'
[1.605s] writing manifest file 'm_pubsub.egg-info/SOURCES.txt'
[1.647s] running build_ext
[1.648s] Creating /home/optimus/robot_ws/install/m_pubsub/lib/python3.8/site-packages/m-pubsub.egg-link (link to .)
[1.649s] Installing met script to /home/optimus/robot_ws/install/m_pubsub/lib/m_pubsub
[1.650s] Installing metp script to /home/optimus/robot_ws/install/m_pubsub/lib/m_pubsub
[1.650s] Installing mp script to /home/optimus/robot_ws/install/m_pubsub/lib/m_pubsub
[1.650s] Installing ms script to /home/optimus/robot_ws/install/m_pubsub/lib/m_pubsub
[1.650s] Installing mt script to /home/optimus/robot_ws/install/m_pubsub/lib/m_pubsub
[1.651s] 
[1.651s] Installed /home/optimus/robot_ws/build/m_pubsub
[1.651s] running install_data
[1.678s] Invoked command in '/home/optimus/robot_ws/build/m_pubsub' returned '0': PYTHONPATH=/home/optimus/robot_ws/build/m_pubsub/prefix_override:/home/optimus/robot_ws/install/m_pubsub/lib/python3.8/site-packages:${PYTHONPATH} /usr/bin/python3 setup.py develop --editable --build-directory /home/optimus/robot_ws/build/m_pubsub/build --no-deps install_data
