[1.502s] Invoking command in '/home/optimus/robot_ws/build/m_pubsub': PYTHONPATH=/home/optimus/robot_ws/build/m_pubsub/prefix_override:/home/optimus/robot_ws/install/m_pubsub/lib/python3.8/site-packages:${PYTHONPATH} /usr/bin/python3 setup.py develop --editable --build-directory /home/optimus/robot_ws/build/m_pubsub/build --no-deps install_data
[1.811s] running develop
[1.994s] running egg_info
[1.995s] writing m_pubsub.egg-info/PKG-INFO
[1.996s] writing dependency_links to m_pubsub.egg-info/dependency_links.txt
[1.996s] writing entry points to m_pubsub.egg-info/entry_points.txt
[1.997s] writing requirements to m_pubsub.egg-info/requires.txt
[1.997s] writing top-level names to m_pubsub.egg-info/top_level.txt
[2.048s] reading manifest file 'm_pubsub.egg-info/SOURCES.txt'
[2.049s] writing manifest file 'm_pubsub.egg-info/SOURCES.txt'
[2.093s] running build_ext
[2.095s] Creating /home/optimus/robot_ws/install/m_pubsub/lib/python3.8/site-packages/m-pubsub.egg-link (link to .)
[2.097s] Installing met script to /home/optimus/robot_ws/install/m_pubsub/lib/m_pubsub
[2.097s] Installing metp script to /home/optimus/robot_ws/install/m_pubsub/lib/m_pubsub
[2.098s] Installing mp script to /home/optimus/robot_ws/install/m_pubsub/lib/m_pubsub
[2.099s] Installing ms script to /home/optimus/robot_ws/install/m_pubsub/lib/m_pubsub
[2.099s] Installing mt script to /home/optimus/robot_ws/install/m_pubsub/lib/m_pubsub
[2.100s] 
[2.100s] Installed /home/optimus/robot_ws/build/m_pubsub
[2.100s] running install_data
[2.132s] Invoked command in '/home/optimus/robot_ws/build/m_pubsub' returned '0': PYTHONPATH=/home/optimus/robot_ws/build/m_pubsub/prefix_override:/home/optimus/robot_ws/install/m_pubsub/lib/python3.8/site-packages:${PYTHONPATH} /usr/bin/python3 setup.py develop --editable --build-directory /home/optimus/robot_ws/build/m_pubsub/build --no-deps install_data
