[1.152s] Invoking command in '/home/optimus/robot_ws/build/m_pubsub': PYTHONPATH=/home/optimus/robot_ws/build/m_pubsub/prefix_override:/home/optimus/robot_ws/install/m_pubsub/lib/python3.8/site-packages:${PYTHONPATH} /usr/bin/python3 setup.py develop --editable --build-directory /home/optimus/robot_ws/build/m_pubsub/build --no-deps install_data
[1.451s] running develop
[1.683s] running egg_info
[1.685s] writing m_pubsub.egg-info/PKG-INFO
[1.685s] writing dependency_links to m_pubsub.egg-info/dependency_links.txt
[1.686s] writing entry points to m_pubsub.egg-info/entry_points.txt
[1.687s] writing requirements to m_pubsub.egg-info/requires.txt
[1.687s] writing top-level names to m_pubsub.egg-info/top_level.txt
[1.732s] reading manifest file 'm_pubsub.egg-info/SOURCES.txt'
[1.733s] writing manifest file 'm_pubsub.egg-info/SOURCES.txt'
[1.776s] running build_ext
[1.778s] Creating /home/optimus/robot_ws/install/m_pubsub/lib/python3.8/site-packages/m-pubsub.egg-link (link to .)
[1.779s] Installing met script to /home/optimus/robot_ws/install/m_pubsub/lib/m_pubsub
[1.780s] Installing metp script to /home/optimus/robot_ws/install/m_pubsub/lib/m_pubsub
[1.781s] Installing mp script to /home/optimus/robot_ws/install/m_pubsub/lib/m_pubsub
[1.781s] Installing ms script to /home/optimus/robot_ws/install/m_pubsub/lib/m_pubsub
[1.782s] Installing mt script to /home/optimus/robot_ws/install/m_pubsub/lib/m_pubsub
[1.783s] 
[1.783s] Installed /home/optimus/robot_ws/build/m_pubsub
[1.783s] running install_data
