[0.908s] Invoking command in '/home/optimus/robot_ws/build/m_pubsub': PYTHONPATH=/home/optimus/robot_ws/build/m_pubsub/prefix_override:/home/optimus/robot_ws/install/m_pubsub/lib/python3.8/site-packages:${PYTHONPATH} /usr/bin/python3 setup.py develop --editable --build-directory /home/optimus/robot_ws/build/m_pubsub/build --no-deps install_data
[1.232s] running develop
[1.430s] running egg_info
[1.431s] writing m_pubsub.egg-info/PKG-INFO
[1.432s] writing dependency_links to m_pubsub.egg-info/dependency_links.txt
[1.432s] writing entry points to m_pubsub.egg-info/entry_points.txt
[1.433s] writing requirements to m_pubsub.egg-info/requires.txt
[1.433s] writing top-level names to m_pubsub.egg-info/top_level.txt
[1.476s] reading manifest file 'm_pubsub.egg-info/SOURCES.txt'
[1.477s] writing manifest file 'm_pubsub.egg-info/SOURCES.txt'
[1.520s] running build_ext
[1.520s] Creating /home/optimus/robot_ws/install/m_pubsub/lib/python3.8/site-packages/m-pubsub.egg-link (link to .)
[1.521s] Installing met script to /home/optimus/robot_ws/install/m_pubsub/lib/m_pubsub
[1.521s] Installing metp script to /home/optimus/robot_ws/install/m_pubsub/lib/m_pubsub
[1.522s] Installing mp script to /home/optimus/robot_ws/install/m_pubsub/lib/m_pubsub
[1.522s] Installing ms script to /home/optimus/robot_ws/install/m_pubsub/lib/m_pubsub
[1.522s] Installing mt script to /home/optimus/robot_ws/install/m_pubsub/lib/m_pubsub
[1.523s] 
[1.523s] Installed /home/optimus/robot_ws/build/m_pubsub
[1.524s] running install_data
