[1.291s] Invoking command in '/home/optimus/robot_ws/build/m_pubsub': PYTHONPATH=/home/optimus/robot_ws/build/m_pubsub/prefix_override:/home/optimus/robot_ws/install/m_pubsub/lib/python3.8/site-packages:${PYTHONPATH} /usr/bin/python3 setup.py develop --editable --build-directory /home/optimus/robot_ws/build/m_pubsub/build --no-deps install_data
[1.652s] running develop
[1.867s] running egg_info
[1.867s] writing m_pubsub.egg-info/PKG-INFO
[1.868s] writing dependency_links to m_pubsub.egg-info/dependency_links.txt
[1.868s] writing entry points to m_pubsub.egg-info/entry_points.txt
[1.868s] writing requirements to m_pubsub.egg-info/requires.txt
[1.869s] writing top-level names to m_pubsub.egg-info/top_level.txt
[1.916s] reading manifest file 'm_pubsub.egg-info/SOURCES.txt'
[1.918s] writing manifest file 'm_pubsub.egg-info/SOURCES.txt'
[1.962s] running build_ext
[1.963s] Creating /home/optimus/robot_ws/install/m_pubsub/lib/python3.8/site-packages/m-pubsub.egg-link (link to .)
[1.964s] Installing met script to /home/optimus/robot_ws/install/m_pubsub/lib/m_pubsub
[1.966s] Installing metp script to /home/optimus/robot_ws/install/m_pubsub/lib/m_pubsub
[1.966s] Installing mp script to /home/optimus/robot_ws/install/m_pubsub/lib/m_pubsub
[1.967s] Installing ms script to /home/optimus/robot_ws/install/m_pubsub/lib/m_pubsub
[1.968s] Installing mt script to /home/optimus/robot_ws/install/m_pubsub/lib/m_pubsub
[1.968s] 
[1.968s] Installed /home/optimus/robot_ws/build/m_pubsub
[1.968s] running install_data
[2.007s] Invoked command in '/home/optimus/robot_ws/build/m_pubsub' returned '0': PYTHONPATH=/home/optimus/robot_ws/build/m_pubsub/prefix_override:/home/optimus/robot_ws/install/m_pubsub/lib/python3.8/site-packages:${PYTHONPATH} /usr/bin/python3 setup.py develop --editable --build-directory /home/optimus/robot_ws/build/m_pubsub/build --no-deps install_data
