[1.307s] Invoking command in '/home/optimus/robot_ws/build/m_pubsub': PYTHONPATH=/home/optimus/robot_ws/build/m_pubsub/prefix_override:/home/optimus/robot_ws/install/m_pubsub/lib/python3.8/site-packages:${PYTHONPATH} /usr/bin/python3 setup.py develop --editable --build-directory /home/optimus/robot_ws/build/m_pubsub/build --no-deps install_data
[1.626s] running develop
[1.821s] running egg_info
[1.821s] writing m_pubsub.egg-info/PKG-INFO
[1.822s] writing dependency_links to m_pubsub.egg-info/dependency_links.txt
[1.822s] writing entry points to m_pubsub.egg-info/entry_points.txt
[1.823s] writing requirements to m_pubsub.egg-info/requires.txt
[1.824s] writing top-level names to m_pubsub.egg-info/top_level.txt
[1.865s] reading manifest file 'm_pubsub.egg-info/SOURCES.txt'
[1.866s] writing manifest file 'm_pubsub.egg-info/SOURCES.txt'
[1.909s] running build_ext
[1.910s] Creating /home/optimus/robot_ws/install/m_pubsub/lib/python3.8/site-packages/m-pubsub.egg-link (link to .)
[1.911s] Installing met script to /home/optimus/robot_ws/install/m_pubsub/lib/m_pubsub
[1.912s] Installing metp script to /home/optimus/robot_ws/install/m_pubsub/lib/m_pubsub
[1.912s] Installing mp script to /home/optimus/robot_ws/install/m_pubsub/lib/m_pubsub
[1.913s] Installing ms script to /home/optimus/robot_ws/install/m_pubsub/lib/m_pubsub
[1.913s] Installing mt script to /home/optimus/robot_ws/install/m_pubsub/lib/m_pubsub
[1.914s] 
[1.914s] Installed /home/optimus/robot_ws/build/m_pubsub
[1.914s] running install_data
[1.949s] Invoked command in '/home/optimus/robot_ws/build/m_pubsub' returned '0': PYTHONPATH=/home/optimus/robot_ws/build/m_pubsub/prefix_override:/home/optimus/robot_ws/install/m_pubsub/lib/python3.8/site-packages:${PYTHONPATH} /usr/bin/python3 setup.py develop --editable --build-directory /home/optimus/robot_ws/build/m_pubsub/build --no-deps install_data
