[1.311s] Invoking command in '/home/optimus/robot_ws/build/m_pubsub': PYTHONPATH=/home/optimus/robot_ws/build/m_pubsub/prefix_override:/home/optimus/robot_ws/install/m_pubsub/lib/python3.8/site-packages:${PYTHONPATH} /usr/bin/python3 setup.py develop --editable --build-directory /home/optimus/robot_ws/build/m_pubsub/build --no-deps install_data
[1.620s] running develop
[1.810s] running egg_info
[1.811s] writing m_pubsub.egg-info/PKG-INFO
[1.812s] writing dependency_links to m_pubsub.egg-info/dependency_links.txt
[1.812s] writing entry points to m_pubsub.egg-info/entry_points.txt
[1.813s] writing requirements to m_pubsub.egg-info/requires.txt
[1.813s] writing top-level names to m_pubsub.egg-info/top_level.txt
[1.855s] reading manifest file 'm_pubsub.egg-info/SOURCES.txt'
[1.857s] writing manifest file 'm_pubsub.egg-info/SOURCES.txt'
[1.903s] running build_ext
[1.903s] Creating /home/optimus/robot_ws/install/m_pubsub/lib/python3.8/site-packages/m-pubsub.egg-link (link to .)
[1.905s] Installing met script to /home/optimus/robot_ws/install/m_pubsub/lib/m_pubsub
[1.905s] Installing metp script to /home/optimus/robot_ws/install/m_pubsub/lib/m_pubsub
[1.907s] Installing mp script to /home/optimus/robot_ws/install/m_pubsub/lib/m_pubsub
[1.907s] Installing ms script to /home/optimus/robot_ws/install/m_pubsub/lib/m_pubsub
[1.908s] Installing mt script to /home/optimus/robot_ws/install/m_pubsub/lib/m_pubsub
[1.908s] 
[1.908s] Installed /home/optimus/robot_ws/build/m_pubsub
[1.909s] running install_data
[1.958s] Invoked command in '/home/optimus/robot_ws/build/m_pubsub' returned '0': PYTHONPATH=/home/optimus/robot_ws/build/m_pubsub/prefix_override:/home/optimus/robot_ws/install/m_pubsub/lib/python3.8/site-packages:${PYTHONPATH} /usr/bin/python3 setup.py develop --editable --build-directory /home/optimus/robot_ws/build/m_pubsub/build --no-deps install_data
