[1.233s] Invoking command in '/home/optimus/robot_ws/build/m_pubsub': PYTHONPATH=/home/optimus/robot_ws/build/m_pubsub/prefix_override:/home/optimus/robot_ws/install/m_pubsub/lib/python3.8/site-packages:${PYTHONPATH} /usr/bin/python3 setup.py develop --editable --build-directory /home/optimus/robot_ws/build/m_pubsub/build --no-deps install_data
[1.536s] running develop
[1.742s] running egg_info
[1.743s] writing m_pubsub.egg-info/PKG-INFO
[1.744s] writing dependency_links to m_pubsub.egg-info/dependency_links.txt
[1.745s] writing entry points to m_pubsub.egg-info/entry_points.txt
[1.745s] writing requirements to m_pubsub.egg-info/requires.txt
[1.746s] writing top-level names to m_pubsub.egg-info/top_level.txt
[1.789s] reading manifest file 'm_pubsub.egg-info/SOURCES.txt'
[1.790s] writing manifest file 'm_pubsub.egg-info/SOURCES.txt'
[1.837s] running build_ext
[1.838s] Creating /home/optimus/robot_ws/install/m_pubsub/lib/python3.8/site-packages/m-pubsub.egg-link (link to .)
[1.839s] Installing met script to /home/optimus/robot_ws/install/m_pubsub/lib/m_pubsub
[1.840s] Installing metp script to /home/optimus/robot_ws/install/m_pubsub/lib/m_pubsub
[1.840s] Installing mp script to /home/optimus/robot_ws/install/m_pubsub/lib/m_pubsub
[1.841s] Installing ms script to /home/optimus/robot_ws/install/m_pubsub/lib/m_pubsub
[1.841s] Installing mt script to /home/optimus/robot_ws/install/m_pubsub/lib/m_pubsub
[1.842s] 
[1.842s] Installed /home/optimus/robot_ws/build/m_pubsub
[1.843s] running install_data
[1.874s] Invoked command in '/home/optimus/robot_ws/build/m_pubsub' returned '0': PYTHONPATH=/home/optimus/robot_ws/build/m_pubsub/prefix_override:/home/optimus/robot_ws/install/m_pubsub/lib/python3.8/site-packages:${PYTHONPATH} /usr/bin/python3 setup.py develop --editable --build-directory /home/optimus/robot_ws/build/m_pubsub/build --no-deps install_data
