[1.584s] Invoking command in '/home/optimus/robot_ws/build/m_pubsub': PYTHONPATH=/home/optimus/robot_ws/build/m_pubsub/prefix_override:/home/optimus/robot_ws/install/m_pubsub/lib/python3.8/site-packages:${PYTHONPATH} /usr/bin/python3 setup.py develop --editable --build-directory /home/optimus/robot_ws/build/m_pubsub/build --no-deps install_data
[1.913s] running develop
[2.100s] running egg_info
[2.101s] writing m_pubsub.egg-info/PKG-INFO
[2.101s] writing dependency_links to m_pubsub.egg-info/dependency_links.txt
[2.102s] writing entry points to m_pubsub.egg-info/entry_points.txt
[2.102s] writing requirements to m_pubsub.egg-info/requires.txt
[2.102s] writing top-level names to m_pubsub.egg-info/top_level.txt
[2.155s] reading manifest file 'm_pubsub.egg-info/SOURCES.txt'
[2.157s] writing manifest file 'm_pubsub.egg-info/SOURCES.txt'
[2.198s] running build_ext
[2.200s] Creating /home/optimus/robot_ws/install/m_pubsub/lib/python3.8/site-packages/m-pubsub.egg-link (link to .)
[2.201s] Installing met script to /home/optimus/robot_ws/install/m_pubsub/lib/m_pubsub
[2.202s] Installing metp script to /home/optimus/robot_ws/install/m_pubsub/lib/m_pubsub
[2.203s] Installing mp script to /home/optimus/robot_ws/install/m_pubsub/lib/m_pubsub
[2.205s] Installing ms script to /home/optimus/robot_ws/install/m_pubsub/lib/m_pubsub
[2.205s] Installing mt script to /home/optimus/robot_ws/install/m_pubsub/lib/m_pubsub
[2.205s] 
[2.206s] Installed /home/optimus/robot_ws/build/m_pubsub
[2.206s] running install_data
[2.281s] Invoked command in '/home/optimus/robot_ws/build/m_pubsub' returned '0': PYTHONPATH=/home/optimus/robot_ws/build/m_pubsub/prefix_override:/home/optimus/robot_ws/install/m_pubsub/lib/python3.8/site-packages:${PYTHONPATH} /usr/bin/python3 setup.py develop --editable --build-directory /home/optimus/robot_ws/build/m_pubsub/build --no-deps install_data
