[0.292s] DEBUG:colcon:Command line arguments: ['/usr/bin/colcon', 'build', '--symlink-install']
[0.292s] DEBUG:colcon:Parsed command line arguments: Namespace(allow_overriding=[], ament_cmake_args=None, base_paths=['.'], build_base='build', catkin_cmake_args=None, catkin_skip_building_tests=False, cmake_args=None, cmake_clean_cache=False, cmake_clean_first=False, cmake_force_configure=False, cmake_target=None, cmake_target_skip_unavailable=False, continue_on_error=False, event_handlers=None, executor='parallel', ignore_user_meta=False, install_base='install', log_base=None, log_level=None, main=<bound method BuildVerb.main of <colcon_core.verb.build.BuildVerb object at 0x7f68f36295b0>>, merge_install=False, metas=['./colcon.meta'], packages_above=None, packages_above_and_dependencies=None, packages_above_depth=None, packages_end=None, packages_ignore=None, packages_ignore_regex=None, packages_select=None, packages_select_build_failed=False, packages_select_by_dep=None, packages_select_regex=None, packages_select_test_failures=False, packages_skip=None, packages_skip_build_finished=False, packages_skip_by_dep=None, packages_skip_regex=None, packages_skip_test_passed=False, packages_skip_up_to=None, packages_start=None, packages_up_to=None, packages_up_to_regex=None, parallel_workers=2, paths=None, symlink_install=True, test_result_base=None, verb_extension=<colcon_core.verb.build.BuildVerb object at 0x7f68f36295b0>, verb_name='build', verb_parser=<colcon_defaults.argument_parser.defaults.DefaultArgumentsDecorator object at 0x7f68f3629af0>)
[0.333s] Level 1:colcon.colcon_core.package_discovery:discover_packages(colcon_meta) check parameters
[0.333s] Level 1:colcon.colcon_core.package_discovery:discover_packages(recursive) check parameters
[0.333s] Level 1:colcon.colcon_core.package_discovery:discover_packages(ignore) check parameters
[0.333s] Level 1:colcon.colcon_core.package_discovery:discover_packages(path) check parameters
[0.333s] Level 1:colcon.colcon_core.package_discovery:discover_packages(colcon_meta) discover
[0.333s] Level 1:colcon.colcon_core.package_discovery:discover_packages(recursive) discover
[0.333s] INFO:colcon.colcon_core.package_discovery:Crawling recursively for packages in '/home/optimus/robot_ws'
[0.333s] Level 1:colcon.colcon_core.package_identification:_identify(.) by extensions ['ignore', 'ignore_ament_install']
[0.333s] Level 1:colcon.colcon_core.package_identification:_identify(.) by extension 'ignore'
[0.334s] Level 1:colcon.colcon_core.package_identification:_identify(.) by extension 'ignore_ament_install'
[0.334s] Level 1:colcon.colcon_core.package_identification:_identify(.) by extensions ['colcon_pkg']
[0.334s] Level 1:colcon.colcon_core.package_identification:_identify(.) by extension 'colcon_pkg'
[0.334s] Level 1:colcon.colcon_core.package_identification:_identify(.) by extensions ['colcon_meta']
[0.334s] Level 1:colcon.colcon_core.package_identification:_identify(.) by extension 'colcon_meta'
[0.334s] Level 1:colcon.colcon_core.package_identification:_identify(.) by extensions ['ros']
[0.334s] Level 1:colcon.colcon_core.package_identification:_identify(.) by extension 'ros'
[0.363s] Level 1:colcon.colcon_core.package_identification:_identify(.) by extensions ['cmake', 'python']
[0.364s] Level 1:colcon.colcon_core.package_identification:_identify(.) by extension 'cmake'
[0.364s] Level 1:colcon.colcon_core.package_identification:_identify(.) by extension 'python'
[0.364s] Level 1:colcon.colcon_core.package_identification:_identify(.) by extensions ['python_setup_py']
[0.364s] Level 1:colcon.colcon_core.package_identification:_identify(.) by extension 'python_setup_py'
[0.364s] Level 1:colcon.colcon_core.package_identification:_identify(build) by extensions ['ignore', 'ignore_ament_install']
[0.364s] Level 1:colcon.colcon_core.package_identification:_identify(build) by extension 'ignore'
[0.364s] Level 1:colcon.colcon_core.package_identification:_identify(build) ignored
[0.364s] Level 1:colcon.colcon_core.package_identification:_identify(install) by extensions ['ignore', 'ignore_ament_install']
[0.364s] Level 1:colcon.colcon_core.package_identification:_identify(install) by extension 'ignore'
[0.365s] Level 1:colcon.colcon_core.package_identification:_identify(install) ignored
[0.365s] Level 1:colcon.colcon_core.package_identification:_identify(log) by extensions ['ignore', 'ignore_ament_install']
[0.365s] Level 1:colcon.colcon_core.package_identification:_identify(log) by extension 'ignore'
[0.365s] Level 1:colcon.colcon_core.package_identification:_identify(log) ignored
[0.365s] Level 1:colcon.colcon_core.package_identification:_identify(src) by extensions ['ignore', 'ignore_ament_install']
[0.365s] Level 1:colcon.colcon_core.package_identification:_identify(src) by extension 'ignore'
[0.365s] Level 1:colcon.colcon_core.package_identification:_identify(src) by extension 'ignore_ament_install'
[0.365s] Level 1:colcon.colcon_core.package_identification:_identify(src) by extensions ['colcon_pkg']
[0.365s] Level 1:colcon.colcon_core.package_identification:_identify(src) by extension 'colcon_pkg'
[0.365s] Level 1:colcon.colcon_core.package_identification:_identify(src) by extensions ['colcon_meta']
[0.365s] Level 1:colcon.colcon_core.package_identification:_identify(src) by extension 'colcon_meta'
[0.365s] Level 1:colcon.colcon_core.package_identification:_identify(src) by extensions ['ros']
[0.365s] Level 1:colcon.colcon_core.package_identification:_identify(src) by extension 'ros'
[0.366s] Level 1:colcon.colcon_core.package_identification:_identify(src) by extensions ['cmake', 'python']
[0.366s] Level 1:colcon.colcon_core.package_identification:_identify(src) by extension 'cmake'
[0.366s] Level 1:colcon.colcon_core.package_identification:_identify(src) by extension 'python'
[0.366s] Level 1:colcon.colcon_core.package_identification:_identify(src) by extensions ['python_setup_py']
[0.366s] Level 1:colcon.colcon_core.package_identification:_identify(src) by extension 'python_setup_py'
[0.366s] Level 1:colcon.colcon_core.package_identification:_identify(src/build) by extensions ['ignore', 'ignore_ament_install']
[0.366s] Level 1:colcon.colcon_core.package_identification:_identify(src/build) by extension 'ignore'
[0.366s] Level 1:colcon.colcon_core.package_identification:_identify(src/build) ignored
[0.366s] Level 1:colcon.colcon_core.package_identification:_identify(src/install) by extensions ['ignore', 'ignore_ament_install']
[0.366s] Level 1:colcon.colcon_core.package_identification:_identify(src/install) by extension 'ignore'
[0.366s] Level 1:colcon.colcon_core.package_identification:_identify(src/install) ignored
[0.366s] Level 1:colcon.colcon_core.package_identification:_identify(src/log) by extensions ['ignore', 'ignore_ament_install']
[0.367s] Level 1:colcon.colcon_core.package_identification:_identify(src/log) by extension 'ignore'
[0.367s] Level 1:colcon.colcon_core.package_identification:_identify(src/log) ignored
[0.367s] Level 1:colcon.colcon_core.package_identification:_identify(src/m_pubsub) by extensions ['ignore', 'ignore_ament_install']
[0.367s] Level 1:colcon.colcon_core.package_identification:_identify(src/m_pubsub) by extension 'ignore'
[0.367s] Level 1:colcon.colcon_core.package_identification:_identify(src/m_pubsub) by extension 'ignore_ament_install'
[0.367s] Level 1:colcon.colcon_core.package_identification:_identify(src/m_pubsub) by extensions ['colcon_pkg']
[0.367s] Level 1:colcon.colcon_core.package_identification:_identify(src/m_pubsub) by extension 'colcon_pkg'
[0.367s] Level 1:colcon.colcon_core.package_identification:_identify(src/m_pubsub) by extensions ['colcon_meta']
[0.367s] Level 1:colcon.colcon_core.package_identification:_identify(src/m_pubsub) by extension 'colcon_meta'
[0.367s] Level 1:colcon.colcon_core.package_identification:_identify(src/m_pubsub) by extensions ['ros']
[0.367s] Level 1:colcon.colcon_core.package_identification:_identify(src/m_pubsub) by extension 'ros'
[0.372s] DEBUG:colcon.colcon_core.package_identification:Package 'src/m_pubsub' with type 'ros.ament_python' and name 'm_pubsub'
[0.372s] Level 1:colcon.colcon_core.package_discovery:discover_packages(recursive) using defaults
[0.372s] Level 1:colcon.colcon_core.package_discovery:discover_packages(ignore) discover
[0.372s] Level 1:colcon.colcon_core.package_discovery:discover_packages(ignore) using defaults
[0.372s] Level 1:colcon.colcon_core.package_discovery:discover_packages(path) discover
[0.372s] Level 1:colcon.colcon_core.package_discovery:discover_packages(path) using defaults
[0.419s] Level 1:colcon.colcon_core.package_discovery:discover_packages(prefix_path) check parameters
[0.419s] Level 1:colcon.colcon_core.package_discovery:discover_packages(prefix_path) discover
[0.427s] DEBUG:colcon.colcon_installed_package_information.package_discovery:Found 258 installed packages in /opt/ros/foxy
[0.429s] Level 1:colcon.colcon_core.package_discovery:discover_packages(prefix_path) using defaults
[0.550s] Level 5:colcon.colcon_core.verb:set package 'm_pubsub' build argument 'cmake_args' from command line to 'None'
[0.550s] Level 5:colcon.colcon_core.verb:set package 'm_pubsub' build argument 'cmake_target' from command line to 'None'
[0.550s] Level 5:colcon.colcon_core.verb:set package 'm_pubsub' build argument 'cmake_target_skip_unavailable' from command line to 'False'
[0.550s] Level 5:colcon.colcon_core.verb:set package 'm_pubsub' build argument 'cmake_clean_cache' from command line to 'False'
[0.550s] Level 5:colcon.colcon_core.verb:set package 'm_pubsub' build argument 'cmake_clean_first' from command line to 'False'
[0.550s] Level 5:colcon.colcon_core.verb:set package 'm_pubsub' build argument 'cmake_force_configure' from command line to 'False'
[0.550s] Level 5:colcon.colcon_core.verb:set package 'm_pubsub' build argument 'ament_cmake_args' from command line to 'None'
[0.550s] Level 5:colcon.colcon_core.verb:set package 'm_pubsub' build argument 'catkin_cmake_args' from command line to 'None'
[0.550s] Level 5:colcon.colcon_core.verb:set package 'm_pubsub' build argument 'catkin_skip_building_tests' from command line to 'False'
[0.550s] DEBUG:colcon.colcon_core.verb:Building package 'm_pubsub' with the following arguments: {'ament_cmake_args': None, 'build_base': '/home/optimus/robot_ws/build/m_pubsub', 'catkin_cmake_args': None, 'catkin_skip_building_tests': False, 'cmake_args': None, 'cmake_clean_cache': False, 'cmake_clean_first': False, 'cmake_force_configure': False, 'cmake_target': None, 'cmake_target_skip_unavailable': False, 'install_base': '/home/optimus/robot_ws/install/m_pubsub', 'merge_install': False, 'path': '/home/optimus/robot_ws/src/m_pubsub', 'symlink_install': True, 'test_result_base': None}
[0.552s] INFO:colcon.colcon_core.executor:Executing jobs using 'parallel' executor
[0.562s] DEBUG:colcon.colcon_parallel_executor.executor.parallel:run_until_complete
[0.563s] INFO:colcon.colcon_ros.task.ament_python.build:Building ROS package in '/home/optimus/robot_ws/src/m_pubsub' with build type 'ament_python'
[0.563s] Level 1:colcon.colcon_core.shell:create_environment_hook('m_pubsub', 'ament_prefix_path')
[0.576s] INFO:colcon.colcon_core.plugin_system:Skipping extension 'colcon_core.shell.bat': Not used on non-Windows systems
[0.577s] INFO:colcon.colcon_core.shell:Creating environment hook '/home/optimus/robot_ws/install/m_pubsub/share/m_pubsub/hook/ament_prefix_path.ps1'
[0.577s] INFO:colcon.colcon_core.shell:Creating environment descriptor '/home/optimus/robot_ws/install/m_pubsub/share/m_pubsub/hook/ament_prefix_path.dsv'
[0.578s] INFO:colcon.colcon_core.shell:Creating environment hook '/home/optimus/robot_ws/install/m_pubsub/share/m_pubsub/hook/ament_prefix_path.sh'
[0.582s] INFO:colcon.colcon_core.shell:Skip shell extension 'powershell' for command environment: Not usable outside of PowerShell
[0.582s] DEBUG:colcon.colcon_core.shell:Skip shell extension 'dsv' for command environment
[0.863s] INFO:colcon.colcon_core.task.python.build:Building Python package in '/home/optimus/robot_ws/src/m_pubsub'
[0.867s] INFO:colcon.colcon_core.shell:Skip shell extension 'powershell' for command environment: Not usable outside of PowerShell
[0.867s] DEBUG:colcon.colcon_core.shell:Skip shell extension 'dsv' for command environment
[1.383s] DEBUG:colcon.colcon_core.event_handler.log_command:Invoking command in '/home/optimus/robot_ws/build/m_pubsub': PYTHONPATH=/home/optimus/robot_ws/build/m_pubsub/prefix_override:/home/optimus/robot_ws/install/m_pubsub/lib/python3.8/site-packages:${PYTHONPATH} /usr/bin/python3 setup.py develop --editable --build-directory /home/optimus/robot_ws/build/m_pubsub/build --no-deps install_data
[1.975s] Level 1:colcon.colcon_core.shell:create_environment_hook('m_pubsub', 'pythonpath_develop')
[1.981s] INFO:colcon.colcon_core.shell:Creating environment hook '/home/optimus/robot_ws/build/m_pubsub/share/m_pubsub/hook/pythonpath_develop.ps1'
[1.982s] INFO:colcon.colcon_core.shell:Creating environment descriptor '/home/optimus/robot_ws/build/m_pubsub/share/m_pubsub/hook/pythonpath_develop.dsv'
[1.982s] INFO:colcon.colcon_core.shell:Creating environment hook '/home/optimus/robot_ws/build/m_pubsub/share/m_pubsub/hook/pythonpath_develop.sh'
[1.985s] DEBUG:colcon.colcon_core.event_handler.log_command:Invoked command in '/home/optimus/robot_ws/build/m_pubsub' returned '0': PYTHONPATH=/home/optimus/robot_ws/build/m_pubsub/prefix_override:/home/optimus/robot_ws/install/m_pubsub/lib/python3.8/site-packages:${PYTHONPATH} /usr/bin/python3 setup.py develop --editable --build-directory /home/optimus/robot_ws/build/m_pubsub/build --no-deps install_data
[2.006s] Level 1:colcon.colcon_core.environment:checking '/home/optimus/robot_ws/install/m_pubsub' for CMake module files
[2.006s] Level 1:colcon.colcon_core.environment:checking '/home/optimus/robot_ws/install/m_pubsub' for CMake config files
[2.007s] Level 1:colcon.colcon_core.environment:checking '/home/optimus/robot_ws/install/m_pubsub/lib'
[2.007s] Level 1:colcon.colcon_core.environment:checking '/home/optimus/robot_ws/install/m_pubsub/bin'
[2.007s] Level 1:colcon.colcon_core.environment:checking '/home/optimus/robot_ws/install/m_pubsub/lib/pkgconfig/m_pubsub.pc'
[2.012s] Level 1:colcon.colcon_core.environment:checking '/home/optimus/robot_ws/install/m_pubsub/lib/python3.8/site-packages'
[2.013s] Level 1:colcon.colcon_core.shell:create_environment_hook('m_pubsub', 'pythonpath')
[2.016s] INFO:colcon.colcon_core.shell:Creating environment hook '/home/optimus/robot_ws/install/m_pubsub/share/m_pubsub/hook/pythonpath.ps1'
[2.017s] INFO:colcon.colcon_core.shell:Creating environment descriptor '/home/optimus/robot_ws/install/m_pubsub/share/m_pubsub/hook/pythonpath.dsv'
[2.017s] INFO:colcon.colcon_core.shell:Creating environment hook '/home/optimus/robot_ws/install/m_pubsub/share/m_pubsub/hook/pythonpath.sh'
[2.018s] Level 1:colcon.colcon_core.environment:checking '/home/optimus/robot_ws/install/m_pubsub/bin'
[2.018s] Level 1:colcon.colcon_core.environment:create_environment_scripts_only(m_pubsub)
[2.021s] INFO:colcon.colcon_core.shell:Creating package script '/home/optimus/robot_ws/install/m_pubsub/share/m_pubsub/package.ps1'
[2.022s] INFO:colcon.colcon_core.shell:Creating package descriptor '/home/optimus/robot_ws/install/m_pubsub/share/m_pubsub/package.dsv'
[2.023s] INFO:colcon.colcon_core.shell:Creating package script '/home/optimus/robot_ws/install/m_pubsub/share/m_pubsub/package.sh'
[2.024s] INFO:colcon.colcon_core.shell:Creating package script '/home/optimus/robot_ws/install/m_pubsub/share/m_pubsub/package.bash'
[2.025s] INFO:colcon.colcon_core.shell:Creating package script '/home/optimus/robot_ws/install/m_pubsub/share/m_pubsub/package.zsh'
[2.026s] Level 1:colcon.colcon_core.environment:create_file_with_runtime_dependencies(/home/optimus/robot_ws/install/m_pubsub/share/colcon-core/packages/m_pubsub)
[2.026s] DEBUG:colcon.colcon_parallel_executor.executor.parallel:closing loop
[2.027s] DEBUG:colcon.colcon_parallel_executor.executor.parallel:loop closed
[2.027s] DEBUG:colcon.colcon_parallel_executor.executor.parallel:run_until_complete finished with '0'
[2.027s] DEBUG:colcon.colcon_core.event_reactor:joining thread
[2.045s] INFO:colcon.colcon_core.plugin_system:Skipping extension 'colcon_notification.desktop_notification.terminal_notifier': Not used on non-Darwin systems
[2.045s] INFO:colcon.colcon_core.plugin_system:Skipping extension 'colcon_notification.desktop_notification.win32': Not used on non-Windows systems
[2.045s] INFO:colcon.colcon_notification.desktop_notification:Sending desktop notification using 'notify2'
[2.068s] DEBUG:colcon.colcon_core.event_reactor:joined thread
[2.072s] INFO:colcon.colcon_core.shell:Creating prefix script '/home/optimus/robot_ws/install/local_setup.ps1'
[2.073s] INFO:colcon.colcon_core.shell:Creating prefix util module '/home/optimus/robot_ws/install/_local_setup_util_ps1.py'
[2.074s] INFO:colcon.colcon_core.shell:Creating prefix chain script '/home/optimus/robot_ws/install/setup.ps1'
[2.076s] INFO:colcon.colcon_core.shell:Creating prefix script '/home/optimus/robot_ws/install/local_setup.sh'
[2.081s] INFO:colcon.colcon_core.shell:Creating prefix util module '/home/optimus/robot_ws/install/_local_setup_util_sh.py'
[2.081s] INFO:colcon.colcon_core.shell:Creating prefix chain script '/home/optimus/robot_ws/install/setup.sh'
[2.083s] INFO:colcon.colcon_core.shell:Creating prefix script '/home/optimus/robot_ws/install/local_setup.bash'
[2.084s] INFO:colcon.colcon_core.shell:Creating prefix chain script '/home/optimus/robot_ws/install/setup.bash'
[2.085s] INFO:colcon.colcon_core.shell:Creating prefix script '/home/optimus/robot_ws/install/local_setup.zsh'
[2.088s] INFO:colcon.colcon_core.shell:Creating prefix chain script '/home/optimus/robot_ws/install/setup.zsh'
