[1.083s] Invoking command in '/home/optimus/robot_ws/build/m_pubsub': PYTHONPATH=/home/optimus/robot_ws/build/m_pubsub/prefix_override:/home/optimus/robot_ws/install/m_pubsub/lib/python3.8/site-packages:${PYTHONPATH} /usr/bin/python3 setup.py develop --editable --build-directory /home/optimus/robot_ws/build/m_pubsub/build --no-deps install_data
[1.437s] running develop
[1.615s] running egg_info
[1.615s] writing m_pubsub.egg-info/PKG-INFO
[1.615s] writing dependency_links to m_pubsub.egg-info/dependency_links.txt
[1.615s] writing entry points to m_pubsub.egg-info/entry_points.txt
[1.616s] writing requirements to m_pubsub.egg-info/requires.txt
[1.616s] writing top-level names to m_pubsub.egg-info/top_level.txt
[1.655s] reading manifest file 'm_pubsub.egg-info/SOURCES.txt'
[1.656s] writing manifest file 'm_pubsub.egg-info/SOURCES.txt'
[1.699s] running build_ext
[1.699s] Creating /home/optimus/robot_ws/install/m_pubsub/lib/python3.8/site-packages/m-pubsub.egg-link (link to .)
[1.701s] Installing met script to /home/optimus/robot_ws/install/m_pubsub/lib/m_pubsub
[1.701s] Installing metp script to /home/optimus/robot_ws/install/m_pubsub/lib/m_pubsub
[1.701s] Installing mp script to /home/optimus/robot_ws/install/m_pubsub/lib/m_pubsub
[1.702s] Installing ms script to /home/optimus/robot_ws/install/m_pubsub/lib/m_pubsub
[1.702s] Installing mt script to /home/optimus/robot_ws/install/m_pubsub/lib/m_pubsub
[1.702s] 
[1.703s] Installed /home/optimus/robot_ws/build/m_pubsub
[1.703s] running install_data
[1.733s] Invoked command in '/home/optimus/robot_ws/build/m_pubsub' returned '0': PYTHONPATH=/home/optimus/robot_ws/build/m_pubsub/prefix_override:/home/optimus/robot_ws/install/m_pubsub/lib/python3.8/site-packages:${PYTHONPATH} /usr/bin/python3 setup.py develop --editable --build-directory /home/optimus/robot_ws/build/m_pubsub/build --no-deps install_data
