[0.239s] DEBUG:colcon:Command line arguments: ['/usr/bin/colcon', 'build', '--symlink-install']
[0.239s] DEBUG:colcon:Parsed command line arguments: Namespace(allow_overriding=[], ament_cmake_args=None, base_paths=['.'], build_base='build', catkin_cmake_args=None, catkin_skip_building_tests=False, cmake_args=None, cmake_clean_cache=False, cmake_clean_first=False, cmake_force_configure=False, cmake_target=None, cmake_target_skip_unavailable=False, continue_on_error=False, event_handlers=None, executor='parallel', ignore_user_meta=False, install_base='install', log_base=None, log_level=None, main=<bound method BuildVerb.main of <colcon_core.verb.build.BuildVerb object at 0x7f0364b777c0>>, merge_install=False, metas=['./colcon.meta'], packages_above=None, packages_above_and_dependencies=None, packages_above_depth=None, packages_end=None, packages_ignore=None, packages_ignore_regex=None, packages_select=None, packages_select_build_failed=False, packages_select_by_dep=None, packages_select_regex=None, packages_select_test_failures=False, packages_skip=None, packages_skip_build_finished=False, packages_skip_by_dep=None, packages_skip_regex=None, packages_skip_test_passed=False, packages_skip_up_to=None, packages_start=None, packages_up_to=None, packages_up_to_regex=None, parallel_workers=2, paths=None, symlink_install=True, test_result_base=None, verb_extension=<colcon_core.verb.build.BuildVerb object at 0x7f0364b777c0>, verb_name='build', verb_parser=<colcon_defaults.argument_parser.defaults.DefaultArgumentsDecorator object at 0x7f0364b77d30>)
[0.273s] Level 1:colcon.colcon_core.package_discovery:discover_packages(colcon_meta) check parameters
[0.274s] Level 1:colcon.colcon_core.package_discovery:discover_packages(recursive) check parameters
[0.274s] Level 1:colcon.colcon_core.package_discovery:discover_packages(ignore) check parameters
[0.274s] Level 1:colcon.colcon_core.package_discovery:discover_packages(path) check parameters
[0.274s] Level 1:colcon.colcon_core.package_discovery:discover_packages(colcon_meta) discover
[0.274s] Level 1:colcon.colcon_core.package_discovery:discover_packages(recursive) discover
[0.274s] INFO:colcon.colcon_core.package_discovery:Crawling recursively for packages in '/home/optimus/robot_ws'
[0.274s] Level 1:colcon.colcon_core.package_identification:_identify(.) by extensions ['ignore', 'ignore_ament_install']
[0.274s] Level 1:colcon.colcon_core.package_identification:_identify(.) by extension 'ignore'
[0.274s] Level 1:colcon.colcon_core.package_identification:_identify(.) by extension 'ignore_ament_install'
[0.275s] Level 1:colcon.colcon_core.package_identification:_identify(.) by extensions ['colcon_pkg']
[0.275s] Level 1:colcon.colcon_core.package_identification:_identify(.) by extension 'colcon_pkg'
[0.275s] Level 1:colcon.colcon_core.package_identification:_identify(.) by extensions ['colcon_meta']
[0.275s] Level 1:colcon.colcon_core.package_identification:_identify(.) by extension 'colcon_meta'
[0.275s] Level 1:colcon.colcon_core.package_identification:_identify(.) by extensions ['ros']
[0.275s] Level 1:colcon.colcon_core.package_identification:_identify(.) by extension 'ros'
[0.297s] Level 1:colcon.colcon_core.package_identification:_identify(.) by extensions ['cmake', 'python']
[0.297s] Level 1:colcon.colcon_core.package_identification:_identify(.) by extension 'cmake'
[0.297s] Level 1:colcon.colcon_core.package_identification:_identify(.) by extension 'python'
[0.297s] Level 1:colcon.colcon_core.package_identification:_identify(.) by extensions ['python_setup_py']
[0.297s] Level 1:colcon.colcon_core.package_identification:_identify(.) by extension 'python_setup_py'
[0.297s] Level 1:colcon.colcon_core.package_identification:_identify(build) by extensions ['ignore', 'ignore_ament_install']
[0.297s] Level 1:colcon.colcon_core.package_identification:_identify(build) by extension 'ignore'
[0.297s] Level 1:colcon.colcon_core.package_identification:_identify(build) ignored
[0.298s] Level 1:colcon.colcon_core.package_identification:_identify(install) by extensions ['ignore', 'ignore_ament_install']
[0.298s] Level 1:colcon.colcon_core.package_identification:_identify(install) by extension 'ignore'
[0.298s] Level 1:colcon.colcon_core.package_identification:_identify(install) ignored
[0.298s] Level 1:colcon.colcon_core.package_identification:_identify(log) by extensions ['ignore', 'ignore_ament_install']
[0.298s] Level 1:colcon.colcon_core.package_identification:_identify(log) by extension 'ignore'
[0.298s] Level 1:colcon.colcon_core.package_identification:_identify(log) ignored
[0.298s] Level 1:colcon.colcon_core.package_identification:_identify(opencv_test) by extensions ['ignore', 'ignore_ament_install']
[0.298s] Level 1:colcon.colcon_core.package_identification:_identify(opencv_test) by extension 'ignore'
[0.299s] Level 1:colcon.colcon_core.package_identification:_identify(opencv_test) by extension 'ignore_ament_install'
[0.299s] Level 1:colcon.colcon_core.package_identification:_identify(opencv_test) by extensions ['colcon_pkg']
[0.299s] Level 1:colcon.colcon_core.package_identification:_identify(opencv_test) by extension 'colcon_pkg'
[0.299s] Level 1:colcon.colcon_core.package_identification:_identify(opencv_test) by extensions ['colcon_meta']
[0.299s] Level 1:colcon.colcon_core.package_identification:_identify(opencv_test) by extension 'colcon_meta'
[0.299s] Level 1:colcon.colcon_core.package_identification:_identify(opencv_test) by extensions ['ros']
[0.299s] Level 1:colcon.colcon_core.package_identification:_identify(opencv_test) by extension 'ros'
[0.299s] Level 1:colcon.colcon_core.package_identification:_identify(opencv_test) by extensions ['cmake', 'python']
[0.299s] Level 1:colcon.colcon_core.package_identification:_identify(opencv_test) by extension 'cmake'
[0.299s] Level 1:colcon.colcon_core.package_identification:_identify(opencv_test) by extension 'python'
[0.299s] Level 1:colcon.colcon_core.package_identification:_identify(opencv_test) by extensions ['python_setup_py']
[0.299s] Level 1:colcon.colcon_core.package_identification:_identify(opencv_test) by extension 'python_setup_py'
[0.300s] Level 1:colcon.colcon_core.package_identification:_identify(opencv_test/image) by extensions ['ignore', 'ignore_ament_install']
[0.300s] Level 1:colcon.colcon_core.package_identification:_identify(opencv_test/image) by extension 'ignore'
[0.300s] Level 1:colcon.colcon_core.package_identification:_identify(opencv_test/image) by extension 'ignore_ament_install'
[0.300s] Level 1:colcon.colcon_core.package_identification:_identify(opencv_test/image) by extensions ['colcon_pkg']
[0.300s] Level 1:colcon.colcon_core.package_identification:_identify(opencv_test/image) by extension 'colcon_pkg'
[0.300s] Level 1:colcon.colcon_core.package_identification:_identify(opencv_test/image) by extensions ['colcon_meta']
[0.300s] Level 1:colcon.colcon_core.package_identification:_identify(opencv_test/image) by extension 'colcon_meta'
[0.300s] Level 1:colcon.colcon_core.package_identification:_identify(opencv_test/image) by extensions ['ros']
[0.300s] Level 1:colcon.colcon_core.package_identification:_identify(opencv_test/image) by extension 'ros'
[0.300s] Level 1:colcon.colcon_core.package_identification:_identify(opencv_test/image) by extensions ['cmake', 'python']
[0.300s] Level 1:colcon.colcon_core.package_identification:_identify(opencv_test/image) by extension 'cmake'
[0.300s] Level 1:colcon.colcon_core.package_identification:_identify(opencv_test/image) by extension 'python'
[0.301s] Level 1:colcon.colcon_core.package_identification:_identify(opencv_test/image) by extensions ['python_setup_py']
[0.301s] Level 1:colcon.colcon_core.package_identification:_identify(opencv_test/image) by extension 'python_setup_py'
[0.301s] Level 1:colcon.colcon_core.package_identification:_identify(src) by extensions ['ignore', 'ignore_ament_install']
[0.301s] Level 1:colcon.colcon_core.package_identification:_identify(src) by extension 'ignore'
[0.301s] Level 1:colcon.colcon_core.package_identification:_identify(src) by extension 'ignore_ament_install'
[0.301s] Level 1:colcon.colcon_core.package_identification:_identify(src) by extensions ['colcon_pkg']
[0.301s] Level 1:colcon.colcon_core.package_identification:_identify(src) by extension 'colcon_pkg'
[0.302s] Level 1:colcon.colcon_core.package_identification:_identify(src) by extensions ['colcon_meta']
[0.302s] Level 1:colcon.colcon_core.package_identification:_identify(src) by extension 'colcon_meta'
[0.302s] Level 1:colcon.colcon_core.package_identification:_identify(src) by extensions ['ros']
[0.302s] Level 1:colcon.colcon_core.package_identification:_identify(src) by extension 'ros'
[0.302s] Level 1:colcon.colcon_core.package_identification:_identify(src) by extensions ['cmake', 'python']
[0.302s] Level 1:colcon.colcon_core.package_identification:_identify(src) by extension 'cmake'
[0.302s] Level 1:colcon.colcon_core.package_identification:_identify(src) by extension 'python'
[0.302s] Level 1:colcon.colcon_core.package_identification:_identify(src) by extensions ['python_setup_py']
[0.302s] Level 1:colcon.colcon_core.package_identification:_identify(src) by extension 'python_setup_py'
[0.302s] Level 1:colcon.colcon_core.package_identification:_identify(src/class_test_interfaces) by extensions ['ignore', 'ignore_ament_install']
[0.302s] Level 1:colcon.colcon_core.package_identification:_identify(src/class_test_interfaces) by extension 'ignore'
[0.303s] Level 1:colcon.colcon_core.package_identification:_identify(src/class_test_interfaces) by extension 'ignore_ament_install'
[0.303s] Level 1:colcon.colcon_core.package_identification:_identify(src/class_test_interfaces) by extensions ['colcon_pkg']
[0.303s] Level 1:colcon.colcon_core.package_identification:_identify(src/class_test_interfaces) by extension 'colcon_pkg'
[0.303s] Level 1:colcon.colcon_core.package_identification:_identify(src/class_test_interfaces) by extensions ['colcon_meta']
[0.303s] Level 1:colcon.colcon_core.package_identification:_identify(src/class_test_interfaces) by extension 'colcon_meta'
[0.303s] Level 1:colcon.colcon_core.package_identification:_identify(src/class_test_interfaces) by extensions ['ros']
[0.303s] Level 1:colcon.colcon_core.package_identification:_identify(src/class_test_interfaces) by extension 'ros'
[0.306s] DEBUG:colcon.colcon_core.package_identification:Package 'src/class_test_interfaces' with type 'ros.ament_cmake' and name 'class_test_interfaces'
[0.306s] Level 1:colcon.colcon_core.package_identification:_identify(src/m_pubsub) by extensions ['ignore', 'ignore_ament_install']
[0.306s] Level 1:colcon.colcon_core.package_identification:_identify(src/m_pubsub) by extension 'ignore'
[0.306s] Level 1:colcon.colcon_core.package_identification:_identify(src/m_pubsub) by extension 'ignore_ament_install'
[0.306s] Level 1:colcon.colcon_core.package_identification:_identify(src/m_pubsub) by extensions ['colcon_pkg']
[0.306s] Level 1:colcon.colcon_core.package_identification:_identify(src/m_pubsub) by extension 'colcon_pkg'
[0.307s] Level 1:colcon.colcon_core.package_identification:_identify(src/m_pubsub) by extensions ['colcon_meta']
[0.307s] Level 1:colcon.colcon_core.package_identification:_identify(src/m_pubsub) by extension 'colcon_meta'
[0.307s] Level 1:colcon.colcon_core.package_identification:_identify(src/m_pubsub) by extensions ['ros']
[0.307s] Level 1:colcon.colcon_core.package_identification:_identify(src/m_pubsub) by extension 'ros'
[0.307s] DEBUG:colcon.colcon_core.package_identification:Package 'src/m_pubsub' with type 'ros.ament_python' and name 'm_pubsub'
[0.307s] Level 1:colcon.colcon_core.package_identification:_identify(src/move_turtle_pkg) by extensions ['ignore', 'ignore_ament_install']
[0.308s] Level 1:colcon.colcon_core.package_identification:_identify(src/move_turtle_pkg) by extension 'ignore'
[0.308s] Level 1:colcon.colcon_core.package_identification:_identify(src/move_turtle_pkg) by extension 'ignore_ament_install'
[0.308s] Level 1:colcon.colcon_core.package_identification:_identify(src/move_turtle_pkg) by extensions ['colcon_pkg']
[0.308s] Level 1:colcon.colcon_core.package_identification:_identify(src/move_turtle_pkg) by extension 'colcon_pkg'
[0.308s] Level 1:colcon.colcon_core.package_identification:_identify(src/move_turtle_pkg) by extensions ['colcon_meta']
[0.308s] Level 1:colcon.colcon_core.package_identification:_identify(src/move_turtle_pkg) by extension 'colcon_meta'
[0.308s] Level 1:colcon.colcon_core.package_identification:_identify(src/move_turtle_pkg) by extensions ['ros']
[0.308s] Level 1:colcon.colcon_core.package_identification:_identify(src/move_turtle_pkg) by extension 'ros'
[0.309s] DEBUG:colcon.colcon_core.package_identification:Package 'src/move_turtle_pkg' with type 'ros.ament_python' and name 'move_turtle_pkg'
[0.309s] Level 1:colcon.colcon_core.package_discovery:discover_packages(recursive) using defaults
[0.309s] Level 1:colcon.colcon_core.package_discovery:discover_packages(ignore) discover
[0.309s] Level 1:colcon.colcon_core.package_discovery:discover_packages(ignore) using defaults
[0.309s] Level 1:colcon.colcon_core.package_discovery:discover_packages(path) discover
[0.309s] Level 1:colcon.colcon_core.package_discovery:discover_packages(path) using defaults
[0.344s] Level 1:colcon.colcon_core.package_discovery:discover_packages(prefix_path) check parameters
[0.344s] Level 1:colcon.colcon_core.package_discovery:discover_packages(prefix_path) discover
[0.349s] DEBUG:colcon.colcon_installed_package_information.package_discovery:Found 3 installed packages in /home/optimus/robot_ws/install
[0.352s] DEBUG:colcon.colcon_installed_package_information.package_discovery:Found 258 installed packages in /opt/ros/foxy
[0.353s] Level 1:colcon.colcon_core.package_discovery:discover_packages(prefix_path) using defaults
[0.446s] Level 5:colcon.colcon_core.verb:set package 'class_test_interfaces' build argument 'cmake_args' from command line to 'None'
[0.446s] Level 5:colcon.colcon_core.verb:set package 'class_test_interfaces' build argument 'cmake_target' from command line to 'None'
[0.446s] Level 5:colcon.colcon_core.verb:set package 'class_test_interfaces' build argument 'cmake_target_skip_unavailable' from command line to 'False'
[0.446s] Level 5:colcon.colcon_core.verb:set package 'class_test_interfaces' build argument 'cmake_clean_cache' from command line to 'False'
[0.446s] Level 5:colcon.colcon_core.verb:set package 'class_test_interfaces' build argument 'cmake_clean_first' from command line to 'False'
[0.446s] Level 5:colcon.colcon_core.verb:set package 'class_test_interfaces' build argument 'cmake_force_configure' from command line to 'False'
[0.446s] Level 5:colcon.colcon_core.verb:set package 'class_test_interfaces' build argument 'ament_cmake_args' from command line to 'None'
[0.446s] Level 5:colcon.colcon_core.verb:set package 'class_test_interfaces' build argument 'catkin_cmake_args' from command line to 'None'
[0.446s] Level 5:colcon.colcon_core.verb:set package 'class_test_interfaces' build argument 'catkin_skip_building_tests' from command line to 'False'
[0.446s] DEBUG:colcon.colcon_core.verb:Building package 'class_test_interfaces' with the following arguments: {'ament_cmake_args': None, 'build_base': '/home/optimus/robot_ws/build/class_test_interfaces', 'catkin_cmake_args': None, 'catkin_skip_building_tests': False, 'cmake_args': None, 'cmake_clean_cache': False, 'cmake_clean_first': False, 'cmake_force_configure': False, 'cmake_target': None, 'cmake_target_skip_unavailable': False, 'install_base': '/home/optimus/robot_ws/install/class_test_interfaces', 'merge_install': False, 'path': '/home/optimus/robot_ws/src/class_test_interfaces', 'symlink_install': True, 'test_result_base': None}
[0.449s] Level 5:colcon.colcon_core.verb:set package 'm_pubsub' build argument 'cmake_args' from command line to 'None'
[0.449s] Level 5:colcon.colcon_core.verb:set package 'm_pubsub' build argument 'cmake_target' from command line to 'None'
[0.449s] Level 5:colcon.colcon_core.verb:set package 'm_pubsub' build argument 'cmake_target_skip_unavailable' from command line to 'False'
[0.449s] Level 5:colcon.colcon_core.verb:set package 'm_pubsub' build argument 'cmake_clean_cache' from command line to 'False'
[0.449s] Level 5:colcon.colcon_core.verb:set package 'm_pubsub' build argument 'cmake_clean_first' from command line to 'False'
[0.449s] Level 5:colcon.colcon_core.verb:set package 'm_pubsub' build argument 'cmake_force_configure' from command line to 'False'
[0.449s] Level 5:colcon.colcon_core.verb:set package 'm_pubsub' build argument 'ament_cmake_args' from command line to 'None'
[0.449s] Level 5:colcon.colcon_core.verb:set package 'm_pubsub' build argument 'catkin_cmake_args' from command line to 'None'
[0.450s] Level 5:colcon.colcon_core.verb:set package 'm_pubsub' build argument 'catkin_skip_building_tests' from command line to 'False'
[0.450s] DEBUG:colcon.colcon_core.verb:Building package 'm_pubsub' with the following arguments: {'ament_cmake_args': None, 'build_base': '/home/optimus/robot_ws/build/m_pubsub', 'catkin_cmake_args': None, 'catkin_skip_building_tests': False, 'cmake_args': None, 'cmake_clean_cache': False, 'cmake_clean_first': False, 'cmake_force_configure': False, 'cmake_target': None, 'cmake_target_skip_unavailable': False, 'install_base': '/home/optimus/robot_ws/install/m_pubsub', 'merge_install': False, 'path': '/home/optimus/robot_ws/src/m_pubsub', 'symlink_install': True, 'test_result_base': None}
[0.452s] Level 5:colcon.colcon_core.verb:set package 'move_turtle_pkg' build argument 'cmake_args' from command line to 'None'
[0.452s] Level 5:colcon.colcon_core.verb:set package 'move_turtle_pkg' build argument 'cmake_target' from command line to 'None'
[0.452s] Level 5:colcon.colcon_core.verb:set package 'move_turtle_pkg' build argument 'cmake_target_skip_unavailable' from command line to 'False'
[0.452s] Level 5:colcon.colcon_core.verb:set package 'move_turtle_pkg' build argument 'cmake_clean_cache' from command line to 'False'
[0.452s] Level 5:colcon.colcon_core.verb:set package 'move_turtle_pkg' build argument 'cmake_clean_first' from command line to 'False'
[0.452s] Level 5:colcon.colcon_core.verb:set package 'move_turtle_pkg' build argument 'cmake_force_configure' from command line to 'False'
[0.452s] Level 5:colcon.colcon_core.verb:set package 'move_turtle_pkg' build argument 'ament_cmake_args' from command line to 'None'
[0.452s] Level 5:colcon.colcon_core.verb:set package 'move_turtle_pkg' build argument 'catkin_cmake_args' from command line to 'None'
[0.452s] Level 5:colcon.colcon_core.verb:set package 'move_turtle_pkg' build argument 'catkin_skip_building_tests' from command line to 'False'
[0.452s] DEBUG:colcon.colcon_core.verb:Building package 'move_turtle_pkg' with the following arguments: {'ament_cmake_args': None, 'build_base': '/home/optimus/robot_ws/build/move_turtle_pkg', 'catkin_cmake_args': None, 'catkin_skip_building_tests': False, 'cmake_args': None, 'cmake_clean_cache': False, 'cmake_clean_first': False, 'cmake_force_configure': False, 'cmake_target': None, 'cmake_target_skip_unavailable': False, 'install_base': '/home/optimus/robot_ws/install/move_turtle_pkg', 'merge_install': False, 'path': '/home/optimus/robot_ws/src/move_turtle_pkg', 'symlink_install': True, 'test_result_base': None}
[0.454s] INFO:colcon.colcon_core.executor:Executing jobs using 'parallel' executor
[0.464s] DEBUG:colcon.colcon_parallel_executor.executor.parallel:run_until_complete
[0.465s] INFO:colcon.colcon_ros.task.ament_cmake.build:Building ROS package in '/home/optimus/robot_ws/src/class_test_interfaces' with build type 'ament_cmake'
[0.465s] INFO:colcon.colcon_cmake.task.cmake.build:Building CMake package in '/home/optimus/robot_ws/src/class_test_interfaces'
[0.472s] INFO:colcon.colcon_core.plugin_system:Skipping extension 'colcon_core.shell.bat': Not used on non-Windows systems
[0.472s] INFO:colcon.colcon_core.shell:Skip shell extension 'powershell' for command environment: Not usable outside of PowerShell
[0.473s] DEBUG:colcon.colcon_core.shell:Skip shell extension 'dsv' for command environment
[0.485s] INFO:colcon.colcon_ros.task.ament_python.build:Building ROS package in '/home/optimus/robot_ws/src/m_pubsub' with build type 'ament_python'
[0.485s] Level 1:colcon.colcon_core.shell:create_environment_hook('m_pubsub', 'ament_prefix_path')
[0.489s] INFO:colcon.colcon_core.shell:Creating environment hook '/home/optimus/robot_ws/install/m_pubsub/share/m_pubsub/hook/ament_prefix_path.ps1'
[0.491s] INFO:colcon.colcon_core.shell:Creating environment descriptor '/home/optimus/robot_ws/install/m_pubsub/share/m_pubsub/hook/ament_prefix_path.dsv'
[0.491s] INFO:colcon.colcon_core.shell:Creating environment hook '/home/optimus/robot_ws/install/m_pubsub/share/m_pubsub/hook/ament_prefix_path.sh'
[0.499s] INFO:colcon.colcon_core.shell:Skip shell extension 'powershell' for command environment: Not usable outside of PowerShell
[0.506s] DEBUG:colcon.colcon_core.shell:Skip shell extension 'dsv' for command environment
[0.531s] DEBUG:colcon.colcon_core.event_handler.log_command:Invoking command in '/home/optimus/robot_ws/build/class_test_interfaces': CMAKE_PREFIX_PATH=/home/optimus/robot_ws/install/move_turtle_pkg:/home/optimus/robot_ws/install/m_pubsub:/opt/ros/foxy /usr/bin/cmake /home/optimus/robot_ws/src/class_test_interfaces -DAMENT_CMAKE_SYMLINK_INSTALL=1 -DCMAKE_INSTALL_PREFIX=/home/optimus/robot_ws/install/class_test_interfaces
[0.903s] INFO:colcon.colcon_core.task.python.build:Building Python package in '/home/optimus/robot_ws/src/m_pubsub'
[0.908s] INFO:colcon.colcon_core.shell:Skip shell extension 'powershell' for command environment: Not usable outside of PowerShell
[0.908s] DEBUG:colcon.colcon_core.shell:Skip shell extension 'dsv' for command environment
[1.460s] DEBUG:colcon.colcon_core.event_handler.log_command:Invoking command in '/home/optimus/robot_ws/build/m_pubsub': PYTHONPATH=/home/optimus/robot_ws/build/m_pubsub/prefix_override:/home/optimus/robot_ws/install/m_pubsub/lib/python3.8/site-packages:${PYTHONPATH} /usr/bin/python3 setup.py develop --editable --build-directory /home/optimus/robot_ws/build/m_pubsub/build --no-deps install_data
[1.833s] DEBUG:colcon.colcon_core.event_handler.log_command:Invoked command in '/home/optimus/robot_ws/build/class_test_interfaces' returned '0': CMAKE_PREFIX_PATH=/home/optimus/robot_ws/install/move_turtle_pkg:/home/optimus/robot_ws/install/m_pubsub:/opt/ros/foxy /usr/bin/cmake /home/optimus/robot_ws/src/class_test_interfaces -DAMENT_CMAKE_SYMLINK_INSTALL=1 -DCMAKE_INSTALL_PREFIX=/home/optimus/robot_ws/install/class_test_interfaces
[1.834s] DEBUG:colcon.colcon_core.event_handler.log_command:Invoking command in '/home/optimus/robot_ws/build/class_test_interfaces': CMAKE_PREFIX_PATH=/home/optimus/robot_ws/install/move_turtle_pkg:/home/optimus/robot_ws/install/m_pubsub:/opt/ros/foxy /usr/bin/cmake --build /home/optimus/robot_ws/build/class_test_interfaces -- -j2 -l2
[2.079s] Level 1:colcon.colcon_core.shell:create_environment_hook('m_pubsub', 'pythonpath_develop')
[2.084s] INFO:colcon.colcon_core.shell:Creating environment hook '/home/optimus/robot_ws/build/m_pubsub/share/m_pubsub/hook/pythonpath_develop.ps1'
[2.084s] DEBUG:colcon.colcon_core.event_handler.log_command:Invoked command in '/home/optimus/robot_ws/build/m_pubsub' returned '0': PYTHONPATH=/home/optimus/robot_ws/build/m_pubsub/prefix_override:/home/optimus/robot_ws/install/m_pubsub/lib/python3.8/site-packages:${PYTHONPATH} /usr/bin/python3 setup.py develop --editable --build-directory /home/optimus/robot_ws/build/m_pubsub/build --no-deps install_data
[2.086s] INFO:colcon.colcon_core.shell:Creating environment descriptor '/home/optimus/robot_ws/build/m_pubsub/share/m_pubsub/hook/pythonpath_develop.dsv'
[2.087s] INFO:colcon.colcon_core.shell:Creating environment hook '/home/optimus/robot_ws/build/m_pubsub/share/m_pubsub/hook/pythonpath_develop.sh'
[2.105s] Level 1:colcon.colcon_core.environment:checking '/home/optimus/robot_ws/install/m_pubsub' for CMake module files
[2.105s] Level 1:colcon.colcon_core.environment:checking '/home/optimus/robot_ws/install/m_pubsub' for CMake config files
[2.106s] Level 1:colcon.colcon_core.environment:checking '/home/optimus/robot_ws/install/m_pubsub/lib'
[2.106s] Level 1:colcon.colcon_core.environment:checking '/home/optimus/robot_ws/install/m_pubsub/bin'
[2.106s] Level 1:colcon.colcon_core.environment:checking '/home/optimus/robot_ws/install/m_pubsub/lib/pkgconfig/m_pubsub.pc'
[2.107s] Level 1:colcon.colcon_core.environment:checking '/home/optimus/robot_ws/install/m_pubsub/lib/python3.8/site-packages'
[2.107s] Level 1:colcon.colcon_core.shell:create_environment_hook('m_pubsub', 'pythonpath')
[2.119s] INFO:colcon.colcon_core.shell:Creating environment hook '/home/optimus/robot_ws/install/m_pubsub/share/m_pubsub/hook/pythonpath.ps1'
[2.120s] INFO:colcon.colcon_core.shell:Creating environment descriptor '/home/optimus/robot_ws/install/m_pubsub/share/m_pubsub/hook/pythonpath.dsv'
[2.120s] INFO:colcon.colcon_core.shell:Creating environment hook '/home/optimus/robot_ws/install/m_pubsub/share/m_pubsub/hook/pythonpath.sh'
[2.121s] Level 1:colcon.colcon_core.environment:checking '/home/optimus/robot_ws/install/m_pubsub/bin'
[2.121s] Level 1:colcon.colcon_core.environment:create_environment_scripts_only(m_pubsub)
[2.129s] INFO:colcon.colcon_core.shell:Creating package script '/home/optimus/robot_ws/install/m_pubsub/share/m_pubsub/package.ps1'
[2.139s] INFO:colcon.colcon_core.shell:Creating package descriptor '/home/optimus/robot_ws/install/m_pubsub/share/m_pubsub/package.dsv'
[2.140s] INFO:colcon.colcon_core.shell:Creating package script '/home/optimus/robot_ws/install/m_pubsub/share/m_pubsub/package.sh'
[2.141s] INFO:colcon.colcon_core.shell:Creating package script '/home/optimus/robot_ws/install/m_pubsub/share/m_pubsub/package.bash'
[2.142s] INFO:colcon.colcon_core.shell:Creating package script '/home/optimus/robot_ws/install/m_pubsub/share/m_pubsub/package.zsh'
[2.143s] Level 1:colcon.colcon_core.environment:create_file_with_runtime_dependencies(/home/optimus/robot_ws/install/m_pubsub/share/colcon-core/packages/m_pubsub)
[2.144s] INFO:colcon.colcon_ros.task.ament_python.build:Building ROS package in '/home/optimus/robot_ws/src/move_turtle_pkg' with build type 'ament_python'
[2.144s] Level 1:colcon.colcon_core.shell:create_environment_hook('move_turtle_pkg', 'ament_prefix_path')
[2.148s] INFO:colcon.colcon_core.shell:Creating environment hook '/home/optimus/robot_ws/install/move_turtle_pkg/share/move_turtle_pkg/hook/ament_prefix_path.ps1'
[2.161s] INFO:colcon.colcon_core.shell:Creating environment descriptor '/home/optimus/robot_ws/install/move_turtle_pkg/share/move_turtle_pkg/hook/ament_prefix_path.dsv'
[2.162s] INFO:colcon.colcon_core.shell:Creating environment hook '/home/optimus/robot_ws/install/move_turtle_pkg/share/move_turtle_pkg/hook/ament_prefix_path.sh'
[2.174s] INFO:colcon.colcon_core.shell:Skip shell extension 'powershell' for command environment: Not usable outside of PowerShell
[2.175s] DEBUG:colcon.colcon_core.shell:Skip shell extension 'dsv' for command environment
[2.629s] INFO:colcon.colcon_core.task.python.build:Building Python package in '/home/optimus/robot_ws/src/move_turtle_pkg'
[2.633s] INFO:colcon.colcon_core.shell:Skip shell extension 'powershell' for command environment: Not usable outside of PowerShell
[2.633s] DEBUG:colcon.colcon_core.shell:Skip shell extension 'dsv' for command environment
[3.345s] DEBUG:colcon.colcon_core.event_handler.log_command:Invoking command in '/home/optimus/robot_ws/build/move_turtle_pkg': PYTHONPATH=/home/optimus/robot_ws/build/move_turtle_pkg/prefix_override:/home/optimus/robot_ws/install/move_turtle_pkg/lib/python3.8/site-packages:${PYTHONPATH} /usr/bin/python3 setup.py develop --editable --build-directory /home/optimus/robot_ws/build/move_turtle_pkg/build --no-deps install_data
[4.354s] Level 1:colcon.colcon_core.shell:create_environment_hook('move_turtle_pkg', 'pythonpath_develop')
[4.359s] INFO:colcon.colcon_core.shell:Creating environment hook '/home/optimus/robot_ws/build/move_turtle_pkg/share/move_turtle_pkg/hook/pythonpath_develop.ps1'
[4.359s] DEBUG:colcon.colcon_core.event_handler.log_command:Invoked command in '/home/optimus/robot_ws/build/move_turtle_pkg' returned '0': PYTHONPATH=/home/optimus/robot_ws/build/move_turtle_pkg/prefix_override:/home/optimus/robot_ws/install/move_turtle_pkg/lib/python3.8/site-packages:${PYTHONPATH} /usr/bin/python3 setup.py develop --editable --build-directory /home/optimus/robot_ws/build/move_turtle_pkg/build --no-deps install_data
[4.360s] INFO:colcon.colcon_core.shell:Creating environment descriptor '/home/optimus/robot_ws/build/move_turtle_pkg/share/move_turtle_pkg/hook/pythonpath_develop.dsv'
[4.363s] INFO:colcon.colcon_core.shell:Creating environment hook '/home/optimus/robot_ws/build/move_turtle_pkg/share/move_turtle_pkg/hook/pythonpath_develop.sh'
[4.380s] Level 1:colcon.colcon_core.environment:checking '/home/optimus/robot_ws/install/move_turtle_pkg' for CMake module files
[4.381s] Level 1:colcon.colcon_core.environment:checking '/home/optimus/robot_ws/install/move_turtle_pkg' for CMake config files
[4.382s] Level 1:colcon.colcon_core.environment:checking '/home/optimus/robot_ws/install/move_turtle_pkg/lib'
[4.382s] Level 1:colcon.colcon_core.environment:checking '/home/optimus/robot_ws/install/move_turtle_pkg/bin'
[4.382s] Level 1:colcon.colcon_core.environment:checking '/home/optimus/robot_ws/install/move_turtle_pkg/lib/pkgconfig/move_turtle_pkg.pc'
[4.383s] Level 1:colcon.colcon_core.environment:checking '/home/optimus/robot_ws/install/move_turtle_pkg/lib/python3.8/site-packages'
[4.383s] Level 1:colcon.colcon_core.shell:create_environment_hook('move_turtle_pkg', 'pythonpath')
[4.386s] INFO:colcon.colcon_core.shell:Creating environment hook '/home/optimus/robot_ws/install/move_turtle_pkg/share/move_turtle_pkg/hook/pythonpath.ps1'
[4.391s] INFO:colcon.colcon_core.shell:Creating environment descriptor '/home/optimus/robot_ws/install/move_turtle_pkg/share/move_turtle_pkg/hook/pythonpath.dsv'
[4.391s] INFO:colcon.colcon_core.shell:Creating environment hook '/home/optimus/robot_ws/install/move_turtle_pkg/share/move_turtle_pkg/hook/pythonpath.sh'
[4.392s] Level 1:colcon.colcon_core.environment:checking '/home/optimus/robot_ws/install/move_turtle_pkg/bin'
[4.397s] Level 1:colcon.colcon_core.environment:create_environment_scripts_only(move_turtle_pkg)
[4.400s] INFO:colcon.colcon_core.shell:Creating package script '/home/optimus/robot_ws/install/move_turtle_pkg/share/move_turtle_pkg/package.ps1'
[4.403s] INFO:colcon.colcon_core.shell:Creating package descriptor '/home/optimus/robot_ws/install/move_turtle_pkg/share/move_turtle_pkg/package.dsv'
[4.403s] INFO:colcon.colcon_core.shell:Creating package script '/home/optimus/robot_ws/install/move_turtle_pkg/share/move_turtle_pkg/package.sh'
[4.408s] INFO:colcon.colcon_core.shell:Creating package script '/home/optimus/robot_ws/install/move_turtle_pkg/share/move_turtle_pkg/package.bash'
[4.409s] INFO:colcon.colcon_core.shell:Creating package script '/home/optimus/robot_ws/install/move_turtle_pkg/share/move_turtle_pkg/package.zsh'
[4.410s] Level 1:colcon.colcon_core.environment:create_file_with_runtime_dependencies(/home/optimus/robot_ws/install/move_turtle_pkg/share/colcon-core/packages/move_turtle_pkg)
[10.263s] DEBUG:colcon.colcon_core.event_handler.log_command:Invoked command in '/home/optimus/robot_ws/build/class_test_interfaces' returned '0': CMAKE_PREFIX_PATH=/home/optimus/robot_ws/install/move_turtle_pkg:/home/optimus/robot_ws/install/m_pubsub:/opt/ros/foxy /usr/bin/cmake --build /home/optimus/robot_ws/build/class_test_interfaces -- -j2 -l2
[10.358s] DEBUG:colcon.colcon_core.event_handler.log_command:Invoking command in '/home/optimus/robot_ws/build/class_test_interfaces': CMAKE_PREFIX_PATH=/home/optimus/robot_ws/install/move_turtle_pkg:/home/optimus/robot_ws/install/m_pubsub:/opt/ros/foxy /usr/bin/cmake --install /home/optimus/robot_ws/build/class_test_interfaces
[11.338s] Level 1:colcon.colcon_core.environment:create_environment_scripts_only(class_test_interfaces)
[11.344s] Level 1:colcon.colcon_core.environment:checking '/home/optimus/robot_ws/install/class_test_interfaces' for CMake module files
[11.345s] DEBUG:colcon.colcon_core.event_handler.log_command:Invoked command in '/home/optimus/robot_ws/build/class_test_interfaces' returned '0': CMAKE_PREFIX_PATH=/home/optimus/robot_ws/install/move_turtle_pkg:/home/optimus/robot_ws/install/m_pubsub:/opt/ros/foxy /usr/bin/cmake --install /home/optimus/robot_ws/build/class_test_interfaces
[11.345s] Level 1:colcon.colcon_core.environment:checking '/home/optimus/robot_ws/install/class_test_interfaces' for CMake config files
[11.346s] Level 1:colcon.colcon_core.shell:create_environment_hook('class_test_interfaces', 'cmake_prefix_path')
[11.349s] INFO:colcon.colcon_core.shell:Creating environment hook '/home/optimus/robot_ws/install/class_test_interfaces/share/class_test_interfaces/hook/cmake_prefix_path.ps1'
[11.350s] INFO:colcon.colcon_core.shell:Creating environment descriptor '/home/optimus/robot_ws/install/class_test_interfaces/share/class_test_interfaces/hook/cmake_prefix_path.dsv'
[11.350s] INFO:colcon.colcon_core.shell:Creating environment hook '/home/optimus/robot_ws/install/class_test_interfaces/share/class_test_interfaces/hook/cmake_prefix_path.sh'
[11.351s] Level 1:colcon.colcon_core.environment:checking '/home/optimus/robot_ws/install/class_test_interfaces/lib'
[11.351s] Level 1:colcon.colcon_core.shell:create_environment_hook('class_test_interfaces', 'ld_library_path_lib')
[11.355s] INFO:colcon.colcon_core.shell:Creating environment hook '/home/optimus/robot_ws/install/class_test_interfaces/share/class_test_interfaces/hook/ld_library_path_lib.ps1'
[11.355s] INFO:colcon.colcon_core.shell:Creating environment descriptor '/home/optimus/robot_ws/install/class_test_interfaces/share/class_test_interfaces/hook/ld_library_path_lib.dsv'
[11.356s] INFO:colcon.colcon_core.shell:Creating environment hook '/home/optimus/robot_ws/install/class_test_interfaces/share/class_test_interfaces/hook/ld_library_path_lib.sh'
[11.356s] Level 1:colcon.colcon_core.environment:checking '/home/optimus/robot_ws/install/class_test_interfaces/bin'
[11.356s] Level 1:colcon.colcon_core.environment:checking '/home/optimus/robot_ws/install/class_test_interfaces/lib/pkgconfig/class_test_interfaces.pc'
[11.356s] Level 1:colcon.colcon_core.environment:checking '/home/optimus/robot_ws/install/class_test_interfaces/lib/python3.8/site-packages'
[11.357s] Level 1:colcon.colcon_core.shell:create_environment_hook('class_test_interfaces', 'pythonpath')
[11.360s] INFO:colcon.colcon_core.shell:Creating environment hook '/home/optimus/robot_ws/install/class_test_interfaces/share/class_test_interfaces/hook/pythonpath.ps1'
[11.361s] INFO:colcon.colcon_core.shell:Creating environment descriptor '/home/optimus/robot_ws/install/class_test_interfaces/share/class_test_interfaces/hook/pythonpath.dsv'
[11.361s] INFO:colcon.colcon_core.shell:Creating environment hook '/home/optimus/robot_ws/install/class_test_interfaces/share/class_test_interfaces/hook/pythonpath.sh'
[11.362s] Level 1:colcon.colcon_core.environment:checking '/home/optimus/robot_ws/install/class_test_interfaces/bin'
[11.366s] INFO:colcon.colcon_core.shell:Creating package script '/home/optimus/robot_ws/install/class_test_interfaces/share/class_test_interfaces/package.ps1'
[11.367s] INFO:colcon.colcon_core.shell:Creating package descriptor '/home/optimus/robot_ws/install/class_test_interfaces/share/class_test_interfaces/package.dsv'
[11.367s] INFO:colcon.colcon_core.shell:Creating package script '/home/optimus/robot_ws/install/class_test_interfaces/share/class_test_interfaces/package.sh'
[11.368s] INFO:colcon.colcon_core.shell:Creating package script '/home/optimus/robot_ws/install/class_test_interfaces/share/class_test_interfaces/package.bash'
[11.368s] INFO:colcon.colcon_core.shell:Creating package script '/home/optimus/robot_ws/install/class_test_interfaces/share/class_test_interfaces/package.zsh'
[11.369s] Level 1:colcon.colcon_core.environment:create_file_with_runtime_dependencies(/home/optimus/robot_ws/install/class_test_interfaces/share/colcon-core/packages/class_test_interfaces)
[11.463s] Level 1:colcon.colcon_core.environment:create_environment_scripts_only(class_test_interfaces)
[11.469s] Level 1:colcon.colcon_core.environment:checking '/home/optimus/robot_ws/install/class_test_interfaces' for CMake module files
[11.469s] Level 1:colcon.colcon_core.environment:checking '/home/optimus/robot_ws/install/class_test_interfaces' for CMake config files
[11.470s] Level 1:colcon.colcon_core.shell:create_environment_hook('class_test_interfaces', 'cmake_prefix_path')
[11.474s] INFO:colcon.colcon_core.shell:Creating environment hook '/home/optimus/robot_ws/install/class_test_interfaces/share/class_test_interfaces/hook/cmake_prefix_path.ps1'
[11.474s] INFO:colcon.colcon_core.shell:Creating environment descriptor '/home/optimus/robot_ws/install/class_test_interfaces/share/class_test_interfaces/hook/cmake_prefix_path.dsv'
[11.475s] INFO:colcon.colcon_core.shell:Creating environment hook '/home/optimus/robot_ws/install/class_test_interfaces/share/class_test_interfaces/hook/cmake_prefix_path.sh'
[11.476s] Level 1:colcon.colcon_core.environment:checking '/home/optimus/robot_ws/install/class_test_interfaces/lib'
[11.476s] Level 1:colcon.colcon_core.shell:create_environment_hook('class_test_interfaces', 'ld_library_path_lib')
[11.479s] INFO:colcon.colcon_core.shell:Creating environment hook '/home/optimus/robot_ws/install/class_test_interfaces/share/class_test_interfaces/hook/ld_library_path_lib.ps1'
[11.480s] INFO:colcon.colcon_core.shell:Creating environment descriptor '/home/optimus/robot_ws/install/class_test_interfaces/share/class_test_interfaces/hook/ld_library_path_lib.dsv'
[11.480s] INFO:colcon.colcon_core.shell:Creating environment hook '/home/optimus/robot_ws/install/class_test_interfaces/share/class_test_interfaces/hook/ld_library_path_lib.sh'
[11.481s] Level 1:colcon.colcon_core.environment:checking '/home/optimus/robot_ws/install/class_test_interfaces/bin'
[11.481s] Level 1:colcon.colcon_core.environment:checking '/home/optimus/robot_ws/install/class_test_interfaces/lib/pkgconfig/class_test_interfaces.pc'
[11.481s] Level 1:colcon.colcon_core.environment:checking '/home/optimus/robot_ws/install/class_test_interfaces/lib/python3.8/site-packages'
[11.481s] Level 1:colcon.colcon_core.shell:create_environment_hook('class_test_interfaces', 'pythonpath')
[11.485s] INFO:colcon.colcon_core.shell:Creating environment hook '/home/optimus/robot_ws/install/class_test_interfaces/share/class_test_interfaces/hook/pythonpath.ps1'
[11.485s] INFO:colcon.colcon_core.shell:Creating environment descriptor '/home/optimus/robot_ws/install/class_test_interfaces/share/class_test_interfaces/hook/pythonpath.dsv'
[11.486s] INFO:colcon.colcon_core.shell:Creating environment hook '/home/optimus/robot_ws/install/class_test_interfaces/share/class_test_interfaces/hook/pythonpath.sh'
[11.487s] Level 1:colcon.colcon_core.environment:checking '/home/optimus/robot_ws/install/class_test_interfaces/bin'
[11.490s] INFO:colcon.colcon_core.shell:Creating package script '/home/optimus/robot_ws/install/class_test_interfaces/share/class_test_interfaces/package.ps1'
[11.491s] INFO:colcon.colcon_core.shell:Creating package descriptor '/home/optimus/robot_ws/install/class_test_interfaces/share/class_test_interfaces/package.dsv'
[11.492s] INFO:colcon.colcon_core.shell:Creating package script '/home/optimus/robot_ws/install/class_test_interfaces/share/class_test_interfaces/package.sh'
[11.493s] INFO:colcon.colcon_core.shell:Creating package script '/home/optimus/robot_ws/install/class_test_interfaces/share/class_test_interfaces/package.bash'
[11.494s] INFO:colcon.colcon_core.shell:Creating package script '/home/optimus/robot_ws/install/class_test_interfaces/share/class_test_interfaces/package.zsh'
[11.494s] Level 1:colcon.colcon_core.environment:create_file_with_runtime_dependencies(/home/optimus/robot_ws/install/class_test_interfaces/share/colcon-core/packages/class_test_interfaces)
[11.495s] DEBUG:colcon.colcon_parallel_executor.executor.parallel:closing loop
[11.495s] DEBUG:colcon.colcon_parallel_executor.executor.parallel:loop closed
[11.495s] DEBUG:colcon.colcon_parallel_executor.executor.parallel:run_until_complete finished with '0'
[11.496s] DEBUG:colcon.colcon_core.event_reactor:joining thread
[11.512s] INFO:colcon.colcon_core.plugin_system:Skipping extension 'colcon_notification.desktop_notification.terminal_notifier': Not used on non-Darwin systems
[11.512s] INFO:colcon.colcon_core.plugin_system:Skipping extension 'colcon_notification.desktop_notification.win32': Not used on non-Windows systems
[11.512s] INFO:colcon.colcon_notification.desktop_notification:Sending desktop notification using 'notify2'
[11.534s] DEBUG:colcon.colcon_core.event_reactor:joined thread
[11.538s] INFO:colcon.colcon_core.shell:Creating prefix script '/home/optimus/robot_ws/install/local_setup.ps1'
[11.539s] INFO:colcon.colcon_core.shell:Creating prefix util module '/home/optimus/robot_ws/install/_local_setup_util_ps1.py'
[11.541s] INFO:colcon.colcon_core.shell:Creating prefix chain script '/home/optimus/robot_ws/install/setup.ps1'
[11.543s] INFO:colcon.colcon_core.shell:Creating prefix script '/home/optimus/robot_ws/install/local_setup.sh'
[11.544s] INFO:colcon.colcon_core.shell:Creating prefix util module '/home/optimus/robot_ws/install/_local_setup_util_sh.py'
[11.544s] INFO:colcon.colcon_core.shell:Creating prefix chain script '/home/optimus/robot_ws/install/setup.sh'
[11.547s] INFO:colcon.colcon_core.shell:Creating prefix script '/home/optimus/robot_ws/install/local_setup.bash'
[11.547s] INFO:colcon.colcon_core.shell:Creating prefix chain script '/home/optimus/robot_ws/install/setup.bash'
[11.549s] INFO:colcon.colcon_core.shell:Creating prefix script '/home/optimus/robot_ws/install/local_setup.zsh'
[11.550s] INFO:colcon.colcon_core.shell:Creating prefix chain script '/home/optimus/robot_ws/install/setup.zsh'
