[1.253s] Invoking command in '/home/optimus/robot_ws/build/m_pubsub': PYTHONPATH=/home/optimus/robot_ws/build/m_pubsub/prefix_override:/home/optimus/robot_ws/install/m_pubsub/lib/python3.8/site-packages:${PYTHONPATH} /usr/bin/python3 setup.py develop --editable --build-directory /home/optimus/robot_ws/build/m_pubsub/build --no-deps install_data
[1.583s] running develop
[1.804s] running egg_info
[1.805s] writing m_pubsub.egg-info/PKG-INFO
[1.805s] writing dependency_links to m_pubsub.egg-info/dependency_links.txt
[1.806s] writing entry points to m_pubsub.egg-info/entry_points.txt
[1.807s] writing requirements to m_pubsub.egg-info/requires.txt
[1.807s] writing top-level names to m_pubsub.egg-info/top_level.txt
[1.852s] reading manifest file 'm_pubsub.egg-info/SOURCES.txt'
[1.853s] writing manifest file 'm_pubsub.egg-info/SOURCES.txt'
[1.896s] running build_ext
[1.898s] Creating /home/optimus/robot_ws/install/m_pubsub/lib/python3.8/site-packages/m-pubsub.egg-link (link to .)
[1.900s] Installing met script to /home/optimus/robot_ws/install/m_pubsub/lib/m_pubsub
[1.901s] Installing metp script to /home/optimus/robot_ws/install/m_pubsub/lib/m_pubsub
[1.901s] Installing mp script to /home/optimus/robot_ws/install/m_pubsub/lib/m_pubsub
[1.902s] Installing ms script to /home/optimus/robot_ws/install/m_pubsub/lib/m_pubsub
[1.903s] Installing mt script to /home/optimus/robot_ws/install/m_pubsub/lib/m_pubsub
[1.905s] 
[1.905s] Installed /home/optimus/robot_ws/build/m_pubsub
[1.906s] running install_data
[1.943s] Invoked command in '/home/optimus/robot_ws/build/m_pubsub' returned '0': PYTHONPATH=/home/optimus/robot_ws/build/m_pubsub/prefix_override:/home/optimus/robot_ws/install/m_pubsub/lib/python3.8/site-packages:${PYTHONPATH} /usr/bin/python3 setup.py develop --editable --build-directory /home/optimus/robot_ws/build/m_pubsub/build --no-deps install_data
