[0.485s] DEBUG:colcon:Command line arguments: ['/usr/bin/colcon', 'build', '--symlink-install']
[0.485s] DEBUG:colcon:Parsed command line arguments: Namespace(allow_overriding=[], ament_cmake_args=None, base_paths=['.'], build_base='build', catkin_cmake_args=None, catkin_skip_building_tests=False, cmake_args=None, cmake_clean_cache=False, cmake_clean_first=False, cmake_force_configure=False, cmake_target=None, cmake_target_skip_unavailable=False, continue_on_error=False, event_handlers=None, executor='parallel', ignore_user_meta=False, install_base='install', log_base=None, log_level=None, main=<bound method BuildVerb.main of <colcon_core.verb.build.BuildVerb object at 0x7fa6377a79d0>>, merge_install=False, metas=['./colcon.meta'], packages_above=None, packages_above_and_dependencies=None, packages_above_depth=None, packages_end=None, packages_ignore=None, packages_ignore_regex=None, packages_select=None, packages_select_build_failed=False, packages_select_by_dep=None, packages_select_regex=None, packages_select_test_failures=False, packages_skip=None, packages_skip_build_finished=False, packages_skip_by_dep=None, packages_skip_regex=None, packages_skip_test_passed=False, packages_skip_up_to=None, packages_start=None, packages_up_to=None, packages_up_to_regex=None, parallel_workers=2, paths=None, symlink_install=True, test_result_base=None, verb_extension=<colcon_core.verb.build.BuildVerb object at 0x7fa6377a79d0>, verb_name='build', verb_parser=<colcon_defaults.argument_parser.defaults.DefaultArgumentsDecorator object at 0x7fa6377a7f40>)
[0.564s] Level 1:colcon.colcon_core.package_discovery:discover_packages(colcon_meta) check parameters
[0.564s] Level 1:colcon.colcon_core.package_discovery:discover_packages(recursive) check parameters
[0.564s] Level 1:colcon.colcon_core.package_discovery:discover_packages(ignore) check parameters
[0.564s] Level 1:colcon.colcon_core.package_discovery:discover_packages(path) check parameters
[0.564s] Level 1:colcon.colcon_core.package_discovery:discover_packages(colcon_meta) discover
[0.565s] Level 1:colcon.colcon_core.package_discovery:discover_packages(recursive) discover
[0.565s] INFO:colcon.colcon_core.package_discovery:Crawling recursively for packages in '/home/optimus/robot_ws'
[0.565s] Level 1:colcon.colcon_core.package_identification:_identify(.) by extensions ['ignore', 'ignore_ament_install']
[0.565s] Level 1:colcon.colcon_core.package_identification:_identify(.) by extension 'ignore'
[0.565s] Level 1:colcon.colcon_core.package_identification:_identify(.) by extension 'ignore_ament_install'
[0.565s] Level 1:colcon.colcon_core.package_identification:_identify(.) by extensions ['colcon_pkg']
[0.565s] Level 1:colcon.colcon_core.package_identification:_identify(.) by extension 'colcon_pkg'
[0.565s] Level 1:colcon.colcon_core.package_identification:_identify(.) by extensions ['colcon_meta']
[0.565s] Level 1:colcon.colcon_core.package_identification:_identify(.) by extension 'colcon_meta'
[0.565s] Level 1:colcon.colcon_core.package_identification:_identify(.) by extensions ['ros']
[0.565s] Level 1:colcon.colcon_core.package_identification:_identify(.) by extension 'ros'
[0.596s] Level 1:colcon.colcon_core.package_identification:_identify(.) by extensions ['cmake', 'python']
[0.597s] Level 1:colcon.colcon_core.package_identification:_identify(.) by extension 'cmake'
[0.597s] Level 1:colcon.colcon_core.package_identification:_identify(.) by extension 'python'
[0.597s] Level 1:colcon.colcon_core.package_identification:_identify(.) by extensions ['python_setup_py']
[0.597s] Level 1:colcon.colcon_core.package_identification:_identify(.) by extension 'python_setup_py'
[0.597s] Level 1:colcon.colcon_core.package_identification:_identify(build) by extensions ['ignore', 'ignore_ament_install']
[0.597s] Level 1:colcon.colcon_core.package_identification:_identify(build) by extension 'ignore'
[0.597s] Level 1:colcon.colcon_core.package_identification:_identify(build) ignored
[0.597s] Level 1:colcon.colcon_core.package_identification:_identify(install) by extensions ['ignore', 'ignore_ament_install']
[0.598s] Level 1:colcon.colcon_core.package_identification:_identify(install) by extension 'ignore'
[0.598s] Level 1:colcon.colcon_core.package_identification:_identify(install) ignored
[0.598s] Level 1:colcon.colcon_core.package_identification:_identify(log) by extensions ['ignore', 'ignore_ament_install']
[0.598s] Level 1:colcon.colcon_core.package_identification:_identify(log) by extension 'ignore'
[0.598s] Level 1:colcon.colcon_core.package_identification:_identify(log) ignored
[0.599s] Level 1:colcon.colcon_core.package_identification:_identify(src) by extensions ['ignore', 'ignore_ament_install']
[0.599s] Level 1:colcon.colcon_core.package_identification:_identify(src) by extension 'ignore'
[0.599s] Level 1:colcon.colcon_core.package_identification:_identify(src) by extension 'ignore_ament_install'
[0.599s] Level 1:colcon.colcon_core.package_identification:_identify(src) by extensions ['colcon_pkg']
[0.599s] Level 1:colcon.colcon_core.package_identification:_identify(src) by extension 'colcon_pkg'
[0.599s] Level 1:colcon.colcon_core.package_identification:_identify(src) by extensions ['colcon_meta']
[0.599s] Level 1:colcon.colcon_core.package_identification:_identify(src) by extension 'colcon_meta'
[0.599s] Level 1:colcon.colcon_core.package_identification:_identify(src) by extensions ['ros']
[0.599s] Level 1:colcon.colcon_core.package_identification:_identify(src) by extension 'ros'
[0.599s] Level 1:colcon.colcon_core.package_identification:_identify(src) by extensions ['cmake', 'python']
[0.599s] Level 1:colcon.colcon_core.package_identification:_identify(src) by extension 'cmake'
[0.600s] Level 1:colcon.colcon_core.package_identification:_identify(src) by extension 'python'
[0.600s] Level 1:colcon.colcon_core.package_identification:_identify(src) by extensions ['python_setup_py']
[0.600s] Level 1:colcon.colcon_core.package_identification:_identify(src) by extension 'python_setup_py'
[0.600s] Level 1:colcon.colcon_core.package_identification:_identify(src/m_pubsub) by extensions ['ignore', 'ignore_ament_install']
[0.600s] Level 1:colcon.colcon_core.package_identification:_identify(src/m_pubsub) by extension 'ignore'
[0.600s] Level 1:colcon.colcon_core.package_identification:_identify(src/m_pubsub) by extension 'ignore_ament_install'
[0.600s] Level 1:colcon.colcon_core.package_identification:_identify(src/m_pubsub) by extensions ['colcon_pkg']
[0.600s] Level 1:colcon.colcon_core.package_identification:_identify(src/m_pubsub) by extension 'colcon_pkg'
[0.600s] Level 1:colcon.colcon_core.package_identification:_identify(src/m_pubsub) by extensions ['colcon_meta']
[0.600s] Level 1:colcon.colcon_core.package_identification:_identify(src/m_pubsub) by extension 'colcon_meta'
[0.600s] Level 1:colcon.colcon_core.package_identification:_identify(src/m_pubsub) by extensions ['ros']
[0.600s] Level 1:colcon.colcon_core.package_identification:_identify(src/m_pubsub) by extension 'ros'
[0.605s] DEBUG:colcon.colcon_core.package_identification:Package 'src/m_pubsub' with type 'ros.ament_python' and name 'm_pubsub'
[0.606s] Level 1:colcon.colcon_core.package_identification:_identify(src/move_turtle_pkg) by extensions ['ignore', 'ignore_ament_install']
[0.606s] Level 1:colcon.colcon_core.package_identification:_identify(src/move_turtle_pkg) by extension 'ignore'
[0.606s] Level 1:colcon.colcon_core.package_identification:_identify(src/move_turtle_pkg) by extension 'ignore_ament_install'
[0.606s] Level 1:colcon.colcon_core.package_identification:_identify(src/move_turtle_pkg) by extensions ['colcon_pkg']
[0.606s] Level 1:colcon.colcon_core.package_identification:_identify(src/move_turtle_pkg) by extension 'colcon_pkg'
[0.606s] Level 1:colcon.colcon_core.package_identification:_identify(src/move_turtle_pkg) by extensions ['colcon_meta']
[0.606s] Level 1:colcon.colcon_core.package_identification:_identify(src/move_turtle_pkg) by extension 'colcon_meta'
[0.606s] Level 1:colcon.colcon_core.package_identification:_identify(src/move_turtle_pkg) by extensions ['ros']
[0.606s] Level 1:colcon.colcon_core.package_identification:_identify(src/move_turtle_pkg) by extension 'ros'
[0.607s] DEBUG:colcon.colcon_core.package_identification:Package 'src/move_turtle_pkg' with type 'ros.ament_python' and name 'move_turtle_pkg'
[0.607s] Level 1:colcon.colcon_core.package_discovery:discover_packages(recursive) using defaults
[0.607s] Level 1:colcon.colcon_core.package_discovery:discover_packages(ignore) discover
[0.608s] Level 1:colcon.colcon_core.package_discovery:discover_packages(ignore) using defaults
[0.608s] Level 1:colcon.colcon_core.package_discovery:discover_packages(path) discover
[0.608s] Level 1:colcon.colcon_core.package_discovery:discover_packages(path) using defaults
[0.663s] Level 1:colcon.colcon_core.package_discovery:discover_packages(prefix_path) check parameters
[0.663s] Level 1:colcon.colcon_core.package_discovery:discover_packages(prefix_path) discover
[0.672s] DEBUG:colcon.colcon_installed_package_information.package_discovery:Found 2 installed packages in /home/optimus/robot_ws/install
[0.678s] DEBUG:colcon.colcon_installed_package_information.package_discovery:Found 258 installed packages in /opt/ros/foxy
[0.680s] Level 1:colcon.colcon_core.package_discovery:discover_packages(prefix_path) using defaults
[0.892s] Level 5:colcon.colcon_core.verb:set package 'm_pubsub' build argument 'cmake_args' from command line to 'None'
[0.892s] Level 5:colcon.colcon_core.verb:set package 'm_pubsub' build argument 'cmake_target' from command line to 'None'
[0.892s] Level 5:colcon.colcon_core.verb:set package 'm_pubsub' build argument 'cmake_target_skip_unavailable' from command line to 'False'
[0.892s] Level 5:colcon.colcon_core.verb:set package 'm_pubsub' build argument 'cmake_clean_cache' from command line to 'False'
[0.892s] Level 5:colcon.colcon_core.verb:set package 'm_pubsub' build argument 'cmake_clean_first' from command line to 'False'
[0.892s] Level 5:colcon.colcon_core.verb:set package 'm_pubsub' build argument 'cmake_force_configure' from command line to 'False'
[0.892s] Level 5:colcon.colcon_core.verb:set package 'm_pubsub' build argument 'ament_cmake_args' from command line to 'None'
[0.892s] Level 5:colcon.colcon_core.verb:set package 'm_pubsub' build argument 'catkin_cmake_args' from command line to 'None'
[0.892s] Level 5:colcon.colcon_core.verb:set package 'm_pubsub' build argument 'catkin_skip_building_tests' from command line to 'False'
[0.892s] DEBUG:colcon.colcon_core.verb:Building package 'm_pubsub' with the following arguments: {'ament_cmake_args': None, 'build_base': '/home/optimus/robot_ws/build/m_pubsub', 'catkin_cmake_args': None, 'catkin_skip_building_tests': False, 'cmake_args': None, 'cmake_clean_cache': False, 'cmake_clean_first': False, 'cmake_force_configure': False, 'cmake_target': None, 'cmake_target_skip_unavailable': False, 'install_base': '/home/optimus/robot_ws/install/m_pubsub', 'merge_install': False, 'path': '/home/optimus/robot_ws/src/m_pubsub', 'symlink_install': True, 'test_result_base': None}
[0.895s] Level 5:colcon.colcon_core.verb:set package 'move_turtle_pkg' build argument 'cmake_args' from command line to 'None'
[0.895s] Level 5:colcon.colcon_core.verb:set package 'move_turtle_pkg' build argument 'cmake_target' from command line to 'None'
[0.895s] Level 5:colcon.colcon_core.verb:set package 'move_turtle_pkg' build argument 'cmake_target_skip_unavailable' from command line to 'False'
[0.896s] Level 5:colcon.colcon_core.verb:set package 'move_turtle_pkg' build argument 'cmake_clean_cache' from command line to 'False'
[0.896s] Level 5:colcon.colcon_core.verb:set package 'move_turtle_pkg' build argument 'cmake_clean_first' from command line to 'False'
[0.896s] Level 5:colcon.colcon_core.verb:set package 'move_turtle_pkg' build argument 'cmake_force_configure' from command line to 'False'
[0.896s] Level 5:colcon.colcon_core.verb:set package 'move_turtle_pkg' build argument 'ament_cmake_args' from command line to 'None'
[0.896s] Level 5:colcon.colcon_core.verb:set package 'move_turtle_pkg' build argument 'catkin_cmake_args' from command line to 'None'
[0.896s] Level 5:colcon.colcon_core.verb:set package 'move_turtle_pkg' build argument 'catkin_skip_building_tests' from command line to 'False'
[0.896s] DEBUG:colcon.colcon_core.verb:Building package 'move_turtle_pkg' with the following arguments: {'ament_cmake_args': None, 'build_base': '/home/optimus/robot_ws/build/move_turtle_pkg', 'catkin_cmake_args': None, 'catkin_skip_building_tests': False, 'cmake_args': None, 'cmake_clean_cache': False, 'cmake_clean_first': False, 'cmake_force_configure': False, 'cmake_target': None, 'cmake_target_skip_unavailable': False, 'install_base': '/home/optimus/robot_ws/install/move_turtle_pkg', 'merge_install': False, 'path': '/home/optimus/robot_ws/src/move_turtle_pkg', 'symlink_install': True, 'test_result_base': None}
[0.898s] INFO:colcon.colcon_core.executor:Executing jobs using 'parallel' executor
[0.909s] DEBUG:colcon.colcon_parallel_executor.executor.parallel:run_until_complete
[0.910s] INFO:colcon.colcon_ros.task.ament_python.build:Building ROS package in '/home/optimus/robot_ws/src/m_pubsub' with build type 'ament_python'
[0.910s] Level 1:colcon.colcon_core.shell:create_environment_hook('m_pubsub', 'ament_prefix_path')
[0.928s] INFO:colcon.colcon_core.plugin_system:Skipping extension 'colcon_core.shell.bat': Not used on non-Windows systems
[0.929s] INFO:colcon.colcon_core.shell:Creating environment hook '/home/optimus/robot_ws/install/m_pubsub/share/m_pubsub/hook/ament_prefix_path.ps1'
[0.931s] INFO:colcon.colcon_core.shell:Creating environment descriptor '/home/optimus/robot_ws/install/m_pubsub/share/m_pubsub/hook/ament_prefix_path.dsv'
[0.932s] INFO:colcon.colcon_core.shell:Creating environment hook '/home/optimus/robot_ws/install/m_pubsub/share/m_pubsub/hook/ament_prefix_path.sh'
[0.938s] INFO:colcon.colcon_core.shell:Skip shell extension 'powershell' for command environment: Not usable outside of PowerShell
[0.938s] DEBUG:colcon.colcon_core.shell:Skip shell extension 'dsv' for command environment
[0.950s] INFO:colcon.colcon_ros.task.ament_python.build:Building ROS package in '/home/optimus/robot_ws/src/move_turtle_pkg' with build type 'ament_python'
[0.951s] Level 1:colcon.colcon_core.shell:create_environment_hook('move_turtle_pkg', 'ament_prefix_path')
[0.955s] INFO:colcon.colcon_core.shell:Creating environment hook '/home/optimus/robot_ws/install/move_turtle_pkg/share/move_turtle_pkg/hook/ament_prefix_path.ps1'
[0.957s] INFO:colcon.colcon_core.shell:Creating environment descriptor '/home/optimus/robot_ws/install/move_turtle_pkg/share/move_turtle_pkg/hook/ament_prefix_path.dsv'
[0.957s] INFO:colcon.colcon_core.shell:Creating environment hook '/home/optimus/robot_ws/install/move_turtle_pkg/share/move_turtle_pkg/hook/ament_prefix_path.sh'
[0.962s] INFO:colcon.colcon_core.shell:Skip shell extension 'powershell' for command environment: Not usable outside of PowerShell
[0.962s] DEBUG:colcon.colcon_core.shell:Skip shell extension 'dsv' for command environment
[1.376s] INFO:colcon.colcon_core.task.python.build:Building Python package in '/home/optimus/robot_ws/src/m_pubsub'
[1.380s] INFO:colcon.colcon_core.shell:Skip shell extension 'powershell' for command environment: Not usable outside of PowerShell
[1.380s] DEBUG:colcon.colcon_core.shell:Skip shell extension 'dsv' for command environment
[1.681s] INFO:colcon.colcon_core.task.python.build:Building Python package in '/home/optimus/robot_ws/src/move_turtle_pkg'
[1.685s] INFO:colcon.colcon_core.shell:Skip shell extension 'powershell' for command environment: Not usable outside of PowerShell
[1.685s] DEBUG:colcon.colcon_core.shell:Skip shell extension 'dsv' for command environment
[2.395s] DEBUG:colcon.colcon_core.event_handler.log_command:Invoking command in '/home/optimus/robot_ws/build/move_turtle_pkg': PYTHONPATH=/home/optimus/robot_ws/build/move_turtle_pkg/prefix_override:/home/optimus/robot_ws/install/move_turtle_pkg/lib/python3.8/site-packages:${PYTHONPATH} /usr/bin/python3 setup.py develop --editable --build-directory /home/optimus/robot_ws/build/move_turtle_pkg/build --no-deps install_data
[2.413s] DEBUG:colcon.colcon_core.event_handler.log_command:Invoking command in '/home/optimus/robot_ws/build/m_pubsub': PYTHONPATH=/home/optimus/robot_ws/build/m_pubsub/prefix_override:/home/optimus/robot_ws/install/m_pubsub/lib/python3.8/site-packages:${PYTHONPATH} /usr/bin/python3 setup.py develop --editable --build-directory /home/optimus/robot_ws/build/m_pubsub/build --no-deps install_data
[3.042s] Level 1:colcon.colcon_core.shell:create_environment_hook('m_pubsub', 'pythonpath_develop')
[3.043s] DEBUG:colcon.colcon_core.event_handler.log_command:Invoked command in '/home/optimus/robot_ws/build/m_pubsub' returned '0': PYTHONPATH=/home/optimus/robot_ws/build/m_pubsub/prefix_override:/home/optimus/robot_ws/install/m_pubsub/lib/python3.8/site-packages:${PYTHONPATH} /usr/bin/python3 setup.py develop --editable --build-directory /home/optimus/robot_ws/build/m_pubsub/build --no-deps install_data
[3.048s] INFO:colcon.colcon_core.shell:Creating environment hook '/home/optimus/robot_ws/build/m_pubsub/share/m_pubsub/hook/pythonpath_develop.ps1'
[3.050s] INFO:colcon.colcon_core.shell:Creating environment descriptor '/home/optimus/robot_ws/build/m_pubsub/share/m_pubsub/hook/pythonpath_develop.dsv'
[3.051s] INFO:colcon.colcon_core.shell:Creating environment hook '/home/optimus/robot_ws/build/m_pubsub/share/m_pubsub/hook/pythonpath_develop.sh'
[3.070s] Level 1:colcon.colcon_core.environment:checking '/home/optimus/robot_ws/install/m_pubsub' for CMake module files
[3.071s] Level 1:colcon.colcon_core.environment:checking '/home/optimus/robot_ws/install/m_pubsub' for CMake config files
[3.071s] Level 1:colcon.colcon_core.environment:checking '/home/optimus/robot_ws/install/m_pubsub/lib'
[3.072s] Level 1:colcon.colcon_core.environment:checking '/home/optimus/robot_ws/install/m_pubsub/bin'
[3.072s] Level 1:colcon.colcon_core.environment:checking '/home/optimus/robot_ws/install/m_pubsub/lib/pkgconfig/m_pubsub.pc'
[3.072s] Level 1:colcon.colcon_core.environment:checking '/home/optimus/robot_ws/install/m_pubsub/lib/python3.8/site-packages'
[3.072s] Level 1:colcon.colcon_core.shell:create_environment_hook('m_pubsub', 'pythonpath')
[3.076s] INFO:colcon.colcon_core.shell:Creating environment hook '/home/optimus/robot_ws/install/m_pubsub/share/m_pubsub/hook/pythonpath.ps1'
[3.077s] INFO:colcon.colcon_core.shell:Creating environment descriptor '/home/optimus/robot_ws/install/m_pubsub/share/m_pubsub/hook/pythonpath.dsv'
[3.077s] INFO:colcon.colcon_core.shell:Creating environment hook '/home/optimus/robot_ws/install/m_pubsub/share/m_pubsub/hook/pythonpath.sh'
[3.078s] Level 1:colcon.colcon_core.environment:checking '/home/optimus/robot_ws/install/m_pubsub/bin'
[3.078s] Level 1:colcon.colcon_core.environment:create_environment_scripts_only(m_pubsub)
[3.082s] INFO:colcon.colcon_core.shell:Creating package script '/home/optimus/robot_ws/install/m_pubsub/share/m_pubsub/package.ps1'
[3.084s] INFO:colcon.colcon_core.shell:Creating package descriptor '/home/optimus/robot_ws/install/m_pubsub/share/m_pubsub/package.dsv'
[3.086s] INFO:colcon.colcon_core.shell:Creating package script '/home/optimus/robot_ws/install/m_pubsub/share/m_pubsub/package.sh'
[3.087s] INFO:colcon.colcon_core.shell:Creating package script '/home/optimus/robot_ws/install/m_pubsub/share/m_pubsub/package.bash'
[3.089s] INFO:colcon.colcon_core.shell:Creating package script '/home/optimus/robot_ws/install/m_pubsub/share/m_pubsub/package.zsh'
[3.091s] Level 1:colcon.colcon_core.environment:create_file_with_runtime_dependencies(/home/optimus/robot_ws/install/m_pubsub/share/colcon-core/packages/m_pubsub)
[3.092s] Level 1:colcon.colcon_core.shell:create_environment_hook('move_turtle_pkg', 'pythonpath_develop')
[3.093s] DEBUG:colcon.colcon_core.event_handler.log_command:Invoked command in '/home/optimus/robot_ws/build/move_turtle_pkg' returned '0': PYTHONPATH=/home/optimus/robot_ws/build/move_turtle_pkg/prefix_override:/home/optimus/robot_ws/install/move_turtle_pkg/lib/python3.8/site-packages:${PYTHONPATH} /usr/bin/python3 setup.py develop --editable --build-directory /home/optimus/robot_ws/build/move_turtle_pkg/build --no-deps install_data
[3.097s] INFO:colcon.colcon_core.shell:Creating environment hook '/home/optimus/robot_ws/build/move_turtle_pkg/share/move_turtle_pkg/hook/pythonpath_develop.ps1'
[3.099s] INFO:colcon.colcon_core.shell:Creating environment descriptor '/home/optimus/robot_ws/build/move_turtle_pkg/share/move_turtle_pkg/hook/pythonpath_develop.dsv'
[3.099s] INFO:colcon.colcon_core.shell:Creating environment hook '/home/optimus/robot_ws/build/move_turtle_pkg/share/move_turtle_pkg/hook/pythonpath_develop.sh'
[3.107s] Level 1:colcon.colcon_core.environment:checking '/home/optimus/robot_ws/install/move_turtle_pkg' for CMake module files
[3.108s] Level 1:colcon.colcon_core.environment:checking '/home/optimus/robot_ws/install/move_turtle_pkg' for CMake config files
[3.108s] Level 1:colcon.colcon_core.environment:checking '/home/optimus/robot_ws/install/move_turtle_pkg/lib'
[3.109s] Level 1:colcon.colcon_core.environment:checking '/home/optimus/robot_ws/install/move_turtle_pkg/bin'
[3.109s] Level 1:colcon.colcon_core.environment:checking '/home/optimus/robot_ws/install/move_turtle_pkg/lib/pkgconfig/move_turtle_pkg.pc'
[3.109s] Level 1:colcon.colcon_core.environment:checking '/home/optimus/robot_ws/install/move_turtle_pkg/lib/python3.8/site-packages'
[3.109s] Level 1:colcon.colcon_core.shell:create_environment_hook('move_turtle_pkg', 'pythonpath')
[3.113s] INFO:colcon.colcon_core.shell:Creating environment hook '/home/optimus/robot_ws/install/move_turtle_pkg/share/move_turtle_pkg/hook/pythonpath.ps1'
[3.113s] INFO:colcon.colcon_core.shell:Creating environment descriptor '/home/optimus/robot_ws/install/move_turtle_pkg/share/move_turtle_pkg/hook/pythonpath.dsv'
[3.114s] INFO:colcon.colcon_core.shell:Creating environment hook '/home/optimus/robot_ws/install/move_turtle_pkg/share/move_turtle_pkg/hook/pythonpath.sh'
[3.115s] Level 1:colcon.colcon_core.environment:checking '/home/optimus/robot_ws/install/move_turtle_pkg/bin'
[3.115s] Level 1:colcon.colcon_core.environment:create_environment_scripts_only(move_turtle_pkg)
[3.119s] INFO:colcon.colcon_core.shell:Creating package script '/home/optimus/robot_ws/install/move_turtle_pkg/share/move_turtle_pkg/package.ps1'
[3.120s] INFO:colcon.colcon_core.shell:Creating package descriptor '/home/optimus/robot_ws/install/move_turtle_pkg/share/move_turtle_pkg/package.dsv'
[3.121s] INFO:colcon.colcon_core.shell:Creating package script '/home/optimus/robot_ws/install/move_turtle_pkg/share/move_turtle_pkg/package.sh'
[3.122s] INFO:colcon.colcon_core.shell:Creating package script '/home/optimus/robot_ws/install/move_turtle_pkg/share/move_turtle_pkg/package.bash'
[3.122s] INFO:colcon.colcon_core.shell:Creating package script '/home/optimus/robot_ws/install/move_turtle_pkg/share/move_turtle_pkg/package.zsh'
[3.123s] Level 1:colcon.colcon_core.environment:create_file_with_runtime_dependencies(/home/optimus/robot_ws/install/move_turtle_pkg/share/colcon-core/packages/move_turtle_pkg)
[3.124s] DEBUG:colcon.colcon_parallel_executor.executor.parallel:closing loop
[3.124s] DEBUG:colcon.colcon_parallel_executor.executor.parallel:loop closed
[3.125s] DEBUG:colcon.colcon_parallel_executor.executor.parallel:run_until_complete finished with '0'
[3.125s] DEBUG:colcon.colcon_core.event_reactor:joining thread
[3.171s] INFO:colcon.colcon_core.plugin_system:Skipping extension 'colcon_notification.desktop_notification.terminal_notifier': Not used on non-Darwin systems
[3.171s] INFO:colcon.colcon_core.plugin_system:Skipping extension 'colcon_notification.desktop_notification.win32': Not used on non-Windows systems
[3.172s] INFO:colcon.colcon_notification.desktop_notification:Sending desktop notification using 'notify2'
[3.263s] DEBUG:colcon.colcon_core.event_reactor:joined thread
[3.267s] INFO:colcon.colcon_core.shell:Creating prefix script '/home/optimus/robot_ws/install/local_setup.ps1'
[3.269s] INFO:colcon.colcon_core.shell:Creating prefix util module '/home/optimus/robot_ws/install/_local_setup_util_ps1.py'
[3.271s] INFO:colcon.colcon_core.shell:Creating prefix chain script '/home/optimus/robot_ws/install/setup.ps1'
[3.274s] INFO:colcon.colcon_core.shell:Creating prefix script '/home/optimus/robot_ws/install/local_setup.sh'
[3.275s] INFO:colcon.colcon_core.shell:Creating prefix util module '/home/optimus/robot_ws/install/_local_setup_util_sh.py'
[3.276s] INFO:colcon.colcon_core.shell:Creating prefix chain script '/home/optimus/robot_ws/install/setup.sh'
[3.284s] INFO:colcon.colcon_core.shell:Creating prefix script '/home/optimus/robot_ws/install/local_setup.bash'
[3.290s] INFO:colcon.colcon_core.shell:Creating prefix chain script '/home/optimus/robot_ws/install/setup.bash'
[3.293s] INFO:colcon.colcon_core.shell:Creating prefix script '/home/optimus/robot_ws/install/local_setup.zsh'
[3.294s] INFO:colcon.colcon_core.shell:Creating prefix chain script '/home/optimus/robot_ws/install/setup.zsh'
