[1.436s] Invoking command in '/home/optimus/robot_ws/build/m_pubsub': PYTHONPATH=/home/optimus/robot_ws/build/m_pubsub/prefix_override:/home/optimus/robot_ws/install/m_pubsub/lib/python3.8/site-packages:${PYTHONPATH} /usr/bin/python3 setup.py develop --editable --build-directory /home/optimus/robot_ws/build/m_pubsub/build --no-deps install_data
[1.733s] running develop
[1.918s] running egg_info
[1.919s] writing m_pubsub.egg-info/PKG-INFO
[1.919s] writing dependency_links to m_pubsub.egg-info/dependency_links.txt
[1.920s] writing entry points to m_pubsub.egg-info/entry_points.txt
[1.921s] writing requirements to m_pubsub.egg-info/requires.txt
[1.921s] writing top-level names to m_pubsub.egg-info/top_level.txt
[1.961s] reading manifest file 'm_pubsub.egg-info/SOURCES.txt'
[1.962s] writing manifest file 'm_pubsub.egg-info/SOURCES.txt'
[2.005s] running build_ext
[2.007s] Creating /home/optimus/robot_ws/install/m_pubsub/lib/python3.8/site-packages/m-pubsub.egg-link (link to .)
[2.010s] Installing met script to /home/optimus/robot_ws/install/m_pubsub/lib/m_pubsub
[2.011s] Installing metp script to /home/optimus/robot_ws/install/m_pubsub/lib/m_pubsub
[2.012s] Installing mp script to /home/optimus/robot_ws/install/m_pubsub/lib/m_pubsub
[2.013s] Installing ms script to /home/optimus/robot_ws/install/m_pubsub/lib/m_pubsub
[2.014s] Installing mt script to /home/optimus/robot_ws/install/m_pubsub/lib/m_pubsub
[2.015s] 
[2.016s] Installed /home/optimus/robot_ws/build/m_pubsub
[2.016s] running install_data
[2.086s] Invoked command in '/home/optimus/robot_ws/build/m_pubsub' returned '0': PYTHONPATH=/home/optimus/robot_ws/build/m_pubsub/prefix_override:/home/optimus/robot_ws/install/m_pubsub/lib/python3.8/site-packages:${PYTHONPATH} /usr/bin/python3 setup.py develop --editable --build-directory /home/optimus/robot_ws/build/m_pubsub/build --no-deps install_data
