[1.131s] Invoking command in '/home/optimus/robot_ws/build/m_pubsub': PYTHONPATH=/home/optimus/robot_ws/build/m_pubsub/prefix_override:/home/optimus/robot_ws/install/m_pubsub/lib/python3.8/site-packages:${PYTHONPATH} /usr/bin/python3 setup.py develop --editable --build-directory /home/optimus/robot_ws/build/m_pubsub/build --no-deps install_data
[1.520s] running develop
[1.730s] running egg_info
[1.730s] writing m_pubsub.egg-info/PKG-INFO
[1.730s] writing dependency_links to m_pubsub.egg-info/dependency_links.txt
[1.731s] writing entry points to m_pubsub.egg-info/entry_points.txt
[1.731s] writing requirements to m_pubsub.egg-info/requires.txt
[1.731s] writing top-level names to m_pubsub.egg-info/top_level.txt
[1.773s] reading manifest file 'm_pubsub.egg-info/SOURCES.txt'
[1.774s] writing manifest file 'm_pubsub.egg-info/SOURCES.txt'
[1.817s] running build_ext
[1.817s] Creating /home/optimus/robot_ws/install/m_pubsub/lib/python3.8/site-packages/m-pubsub.egg-link (link to .)
[1.818s] Installing met script to /home/optimus/robot_ws/install/m_pubsub/lib/m_pubsub
[1.819s] Installing metp script to /home/optimus/robot_ws/install/m_pubsub/lib/m_pubsub
[1.819s] Installing mp script to /home/optimus/robot_ws/install/m_pubsub/lib/m_pubsub
[1.819s] Installing ms script to /home/optimus/robot_ws/install/m_pubsub/lib/m_pubsub
[1.819s] Installing mt script to /home/optimus/robot_ws/install/m_pubsub/lib/m_pubsub
[1.819s] 
[1.819s] Installed /home/optimus/robot_ws/build/m_pubsub
[1.819s] running install_data
