[1.334s] Invoking command in '/home/optimus/robot_ws/build/m_pubsub': PYTHONPATH=/home/optimus/robot_ws/build/m_pubsub/prefix_override:/home/optimus/robot_ws/install/m_pubsub/lib/python3.8/site-packages:${PYTHONPATH} /usr/bin/python3 setup.py develop --editable --build-directory /home/optimus/robot_ws/build/m_pubsub/build --no-deps install_data
[1.693s] running develop
[1.879s] running egg_info
[1.880s] writing m_pubsub.egg-info/PKG-INFO
[1.881s] writing dependency_links to m_pubsub.egg-info/dependency_links.txt
[1.882s] writing entry points to m_pubsub.egg-info/entry_points.txt
[1.882s] writing requirements to m_pubsub.egg-info/requires.txt
[1.883s] writing top-level names to m_pubsub.egg-info/top_level.txt
[1.929s] reading manifest file 'm_pubsub.egg-info/SOURCES.txt'
[1.931s] writing manifest file 'm_pubsub.egg-info/SOURCES.txt'
[1.976s] running build_ext
[1.978s] Creating /home/optimus/robot_ws/install/m_pubsub/lib/python3.8/site-packages/m-pubsub.egg-link (link to .)
[1.979s] Installing met script to /home/optimus/robot_ws/install/m_pubsub/lib/m_pubsub
[1.980s] Installing metp script to /home/optimus/robot_ws/install/m_pubsub/lib/m_pubsub
[1.981s] Installing mp script to /home/optimus/robot_ws/install/m_pubsub/lib/m_pubsub
[1.981s] Installing ms script to /home/optimus/robot_ws/install/m_pubsub/lib/m_pubsub
[1.982s] Installing mt script to /home/optimus/robot_ws/install/m_pubsub/lib/m_pubsub
[1.983s] 
[1.983s] Installed /home/optimus/robot_ws/build/m_pubsub
[1.983s] running install_data
[2.022s] Invoked command in '/home/optimus/robot_ws/build/m_pubsub' returned '0': PYTHONPATH=/home/optimus/robot_ws/build/m_pubsub/prefix_override:/home/optimus/robot_ws/install/m_pubsub/lib/python3.8/site-packages:${PYTHONPATH} /usr/bin/python3 setup.py develop --editable --build-directory /home/optimus/robot_ws/build/m_pubsub/build --no-deps install_data
