[1.034s] Invoking command in '/home/optimus/robot_ws/build/m_pubsub': PYTHONPATH=/home/optimus/robot_ws/build/m_pubsub/prefix_override:/home/optimus/robot_ws/install/m_pubsub/lib/python3.8/site-packages:${PYTHONPATH} /usr/bin/python3 setup.py develop --editable --build-directory /home/optimus/robot_ws/build/m_pubsub/build --no-deps install_data
[1.354s] running develop
[1.538s] running egg_info
[1.538s] writing m_pubsub.egg-info/PKG-INFO
[1.539s] writing dependency_links to m_pubsub.egg-info/dependency_links.txt
[1.540s] writing entry points to m_pubsub.egg-info/entry_points.txt
[1.540s] writing requirements to m_pubsub.egg-info/requires.txt
[1.541s] writing top-level names to m_pubsub.egg-info/top_level.txt
[1.579s] reading manifest file 'm_pubsub.egg-info/SOURCES.txt'
[1.580s] writing manifest file 'm_pubsub.egg-info/SOURCES.txt'
[1.624s] running build_ext
[1.624s] Creating /home/optimus/robot_ws/install/m_pubsub/lib/python3.8/site-packages/m-pubsub.egg-link (link to .)
[1.625s] Installing met script to /home/optimus/robot_ws/install/m_pubsub/lib/m_pubsub
[1.626s] Installing metp script to /home/optimus/robot_ws/install/m_pubsub/lib/m_pubsub
[1.626s] Installing mp script to /home/optimus/robot_ws/install/m_pubsub/lib/m_pubsub
[1.627s] Installing ms script to /home/optimus/robot_ws/install/m_pubsub/lib/m_pubsub
[1.627s] Installing mt script to /home/optimus/robot_ws/install/m_pubsub/lib/m_pubsub
[1.627s] 
[1.628s] Installed /home/optimus/robot_ws/build/m_pubsub
[1.628s] running install_data
[1.655s] Invoked command in '/home/optimus/robot_ws/build/m_pubsub' returned '0': PYTHONPATH=/home/optimus/robot_ws/build/m_pubsub/prefix_override:/home/optimus/robot_ws/install/m_pubsub/lib/python3.8/site-packages:${PYTHONPATH} /usr/bin/python3 setup.py develop --editable --build-directory /home/optimus/robot_ws/build/m_pubsub/build --no-deps install_data
