[1.311s] Invoking command in '/home/optimus/robot_ws/build/move_turtle_pkg': PYTHONPATH=/home/optimus/robot_ws/build/move_turtle_pkg/prefix_override:/home/optimus/robot_ws/install/move_turtle_pkg/lib/python3.8/site-packages:${PYTHONPATH} /usr/bin/python3 setup.py develop --editable --build-directory /home/optimus/robot_ws/build/move_turtle_pkg/build --no-deps install_data
[1.687s] running develop
[1.879s] running egg_info
[1.879s] creating move_turtle_pkg.egg-info
[1.880s] writing move_turtle_pkg.egg-info/PKG-INFO
[1.881s] writing dependency_links to move_turtle_pkg.egg-info/dependency_links.txt
[1.881s] writing entry points to move_turtle_pkg.egg-info/entry_points.txt
[1.881s] writing requirements to move_turtle_pkg.egg-info/requires.txt
[1.881s] writing top-level names to move_turtle_pkg.egg-info/top_level.txt
[1.883s] writing manifest file 'move_turtle_pkg.egg-info/SOURCES.txt'
[1.925s] reading manifest file 'move_turtle_pkg.egg-info/SOURCES.txt'
[1.925s] writing manifest file 'move_turtle_pkg.egg-info/SOURCES.txt'
[1.969s] running build_ext
[1.969s] Creating /home/optimus/robot_ws/install/move_turtle_pkg/lib/python3.8/site-packages/site.py
[1.972s] Creating /home/optimus/robot_ws/install/move_turtle_pkg/lib/python3.8/site-packages/move-turtle-pkg.egg-link (link to .)
[1.972s] Installing mt script to /home/optimus/robot_ws/install/move_turtle_pkg/lib/move_turtle_pkg
[1.973s] 
[1.973s] Installed /home/optimus/robot_ws/build/move_turtle_pkg
[1.973s] running install_data
[1.973s] creating /home/optimus/robot_ws/install/move_turtle_pkg/share/ament_index
[1.974s] creating /home/optimus/robot_ws/install/move_turtle_pkg/share/ament_index/resource_index
[1.974s] creating /home/optimus/robot_ws/install/move_turtle_pkg/share/ament_index/resource_index/packages
[1.974s] copying resource/move_turtle_pkg -> /home/optimus/robot_ws/install/move_turtle_pkg/share/ament_index/resource_index/packages
[1.984s] copying package.xml -> /home/optimus/robot_ws/install/move_turtle_pkg/share/move_turtle_pkg
[2.030s] Invoked command in '/home/optimus/robot_ws/build/move_turtle_pkg' returned '0': PYTHONPATH=/home/optimus/robot_ws/build/move_turtle_pkg/prefix_override:/home/optimus/robot_ws/install/move_turtle_pkg/lib/python3.8/site-packages:${PYTHONPATH} /usr/bin/python3 setup.py develop --editable --build-directory /home/optimus/robot_ws/build/move_turtle_pkg/build --no-deps install_data
