[0.940s] Invoking command in '/home/optimus/robot_ws/build/m_pubsub': PYTHONPATH=/home/optimus/robot_ws/build/m_pubsub/prefix_override:/home/optimus/robot_ws/install/m_pubsub/lib/python3.8/site-packages:${PYTHONPATH} /usr/bin/python3 setup.py develop --editable --build-directory /home/optimus/robot_ws/build/m_pubsub/build --no-deps install_data
[1.265s] running develop
[1.443s] running egg_info
[1.444s] writing m_pubsub.egg-info/PKG-INFO
[1.444s] writing dependency_links to m_pubsub.egg-info/dependency_links.txt
[1.444s] writing entry points to m_pubsub.egg-info/entry_points.txt
[1.445s] writing requirements to m_pubsub.egg-info/requires.txt
[1.445s] writing top-level names to m_pubsub.egg-info/top_level.txt
[1.483s] reading manifest file 'm_pubsub.egg-info/SOURCES.txt'
[1.484s] writing manifest file 'm_pubsub.egg-info/SOURCES.txt'
[1.526s] running build_ext
[1.529s] Creating /home/optimus/robot_ws/install/m_pubsub/lib/python3.8/site-packages/m-pubsub.egg-link (link to .)
[1.529s] Installing met script to /home/optimus/robot_ws/install/m_pubsub/lib/m_pubsub
[1.529s] Installing metp script to /home/optimus/robot_ws/install/m_pubsub/lib/m_pubsub
[1.530s] Installing mp script to /home/optimus/robot_ws/install/m_pubsub/lib/m_pubsub
[1.530s] Installing ms script to /home/optimus/robot_ws/install/m_pubsub/lib/m_pubsub
[1.530s] Installing mt script to /home/optimus/robot_ws/install/m_pubsub/lib/m_pubsub
[1.531s] 
[1.531s] Installed /home/optimus/robot_ws/build/m_pubsub
[1.531s] running install_data
[1.558s] Invoked command in '/home/optimus/robot_ws/build/m_pubsub' returned '0': PYTHONPATH=/home/optimus/robot_ws/build/m_pubsub/prefix_override:/home/optimus/robot_ws/install/m_pubsub/lib/python3.8/site-packages:${PYTHONPATH} /usr/bin/python3 setup.py develop --editable --build-directory /home/optimus/robot_ws/build/m_pubsub/build --no-deps install_data
